#
# There is insufficient memory for the Java Runtime Environment to continue.
# Native memory allocation (malloc) failed to allocate 1047536 bytes. Error detail: Chunk::new
# Possible reasons:
#   The system is out of physical RAM or swap space
#   This process is running with CompressedOops enabled, and the Java Heap may be blocking the growth of the native heap
# Possible solutions:
#   Reduce memory load on the system
#   Increase physical memory or swap space
#   Check if swap backing store is full
#   Decrease Java heap size (-Xmx/-Xms)
#   Decrease number of Java threads
#   Decrease Java thread stack sizes (-Xss)
#   Set larger code cache with -XX:ReservedCodeCacheSize=
#   JVM is running with Unscaled Compressed Oops mode in which the Java heap is
#     placed in the first 4GB address space. The Java Heap base address is the
#     maximum limit for the native heap growth. Please use -XX:HeapBaseMinAddress
#     to set the Java Heap base and to place the Java Heap above 4GB virtual address.
# This output file may be truncated or incomplete.
#
#  Out of Memory Error (arena.cpp:168), pid=25524, tid=16760
#
# JRE version: OpenJDK Runtime Environment Temurin-21.0.5+11 (21.0.5+11) (build 21.0.5+11-LTS)
# Java VM: OpenJDK 64-Bit Server VM Temurin-21.0.5+11 (21.0.5+11-LTS, mixed mode, sharing, tiered, compressed oops, compressed class ptrs, parallel gc, windows-amd64)
# No core dump will be written. Minidumps are not enabled by default on client versions of Windows
#

---------------  S U M M A R Y ------------

Command Line: --add-modules=ALL-SYSTEM --add-opens=java.base/java.util=ALL-UNNAMED --add-opens=java.base/java.lang=ALL-UNNAMED --add-opens=java.base/sun.nio.fs=ALL-UNNAMED -Declipse.application=org.eclipse.jdt.ls.core.id1 -Dosgi.bundles.defaultStartLevel=4 -Declipse.product=org.eclipse.jdt.ls.core.product -Djava.import.generatesMetadataFilesAtProjectRoot=false -DDetectVMInstallationsJob.disabled=true -Dfile.encoding=utf8 -XX:+UseParallelGC -XX:GCTimeRatio=4 -XX:AdaptiveSizePolicyWeight=90 -Dsun.zip.disableMemoryMapping=true -Xmx1G -Xms100m -Xlog:disable -javaagent:c:\Users\aidar\.vscode\extensions\redhat.java-1.39.0-win32-x64\lombok\lombok-1.18.34.jar -XX:+HeapDumpOnOutOfMemoryError -XX:HeapDumpPath=c:\Users\aidar\AppData\Roaming\Code\User\workspaceStorage\f207d6dbd43796d9c36e6fb64529134f\redhat.java -Daether.dependencyCollector.impl=bf c:\Users\aidar\.vscode\extensions\redhat.java-1.39.0-win32-x64\server\plugins\org.eclipse.equinox.launcher_1.6.900.v20240613-2009.jar -configuration c:\Users\aidar\AppData\Roaming\Code\User\globalStorage\redhat.java\1.39.0\config_win -data c:\Users\aidar\AppData\Roaming\Code\User\workspaceStorage\f207d6dbd43796d9c36e6fb64529134f\redhat.java\jdt_ws --pipe=\\.\pipe\lsp-ed7919e77ba2e2bff10892f1a965ea2f-sock

Host: 11th Gen Intel(R) Core(TM) i5-1145G7 @ 2.60GHz, 8 cores, 15G,  Windows 11 , 64 bit Build 22621 (10.0.22621.4391)
Time: Wed Jan 29 20:30:46 2025 Maroc (heure d64 bit Build 22621 (10.0.22621.4391) elapsed time: 56.790773 seconds (0d 0h 0m 56s)

---------------  T H R E A D  ---------------

Current thread (0x0000025e5462dac0):  JavaThread "C2 CompilerThread0" daemon [_thread_in_native, id=16760, stack(0x000000c2e4e00000,0x000000c2e4f00000) (1024K)]


Current CompileTask:
C2:56790 13063   !   4       org.codehaus.plexus.interpolation.ObjectBasedValueSource::getValue (66 bytes)

Stack: [0x000000c2e4e00000,0x000000c2e4f00000]
Native frames: (J=compiled Java code, j=interpreted, Vv=VM code, C=native code)
V  [jvm.dll+0x6cd4e9]
V  [jvm.dll+0x8a7941]
V  [jvm.dll+0x8a9e6e]
V  [jvm.dll+0x8aa543]
V  [jvm.dll+0x27f6d6]
V  [jvm.dll+0xc500d]
V  [jvm.dll+0xc5543]
V  [jvm.dll+0x3b65d2]
V  [jvm.dll+0x1dffe9]
V  [jvm.dll+0x247b22]
V  [jvm.dll+0x246faf]
V  [jvm.dll+0x1c75ce]
V  [jvm.dll+0x25682a]
V  [jvm.dll+0x254dca]
V  [jvm.dll+0x3f00d6]
V  [jvm.dll+0x8514fb]
V  [jvm.dll+0x6cbbed]
C  [ucrtbase.dll+0x29333]
C  [KERNEL32.DLL+0x1259d]
C  [ntdll.dll+0x5af38]


---------------  P R O C E S S  ---------------

Threads class SMR info:
_java_thread_list=0x0000025e9fb23a40, length=67, elements={
0x0000025e3e1bc9b0, 0x0000025e5461f230, 0x0000025e54620c20, 0x0000025e54623d40,
0x0000025e54624fd0, 0x0000025e54625fd0, 0x0000025e54627d20, 0x0000025e5462dac0,
0x0000025e54646f90, 0x0000025e9b208000, 0x0000025e9b3ef7b0, 0x0000025e9bd3e100,
0x0000025e9b4524b0, 0x0000025e9b33c270, 0x0000025e9b9c3cf0, 0x0000025e9b766500,
0x0000025e9b25a6f0, 0x0000025e9c23c9d0, 0x0000025e9c23c340, 0x0000025e9c23d6f0,
0x0000025e9c23dd80, 0x0000025e9c23b620, 0x0000025e9c23af90, 0x0000025e9c23bcb0,
0x0000025e9eaee610, 0x0000025e9eaecbd0, 0x0000025e9eaed8f0, 0x0000025e9eaedf80,
0x0000025e9eaeeca0, 0x0000025e9eaef330, 0x0000025e9eaef9c0, 0x0000025e9eaf0050,
0x0000025e9eaed260, 0x0000025e9de56c90, 0x0000025e9de579b0, 0x0000025e9de58040,
0x0000025e9de55f70, 0x0000025e9de54bc0, 0x0000025e9de558e0, 0x0000025e9de56600,
0x0000025e9de55250, 0x0000025ea0a92570, 0x0000025ea0a92c00, 0x0000025ea0a96da0,
0x0000025ea0a91850, 0x0000025ea0a93fb0, 0x0000025ea0a94640, 0x0000025ea0a97430,
0x0000025ea0a95360, 0x0000025ea0a97ac0, 0x0000025ea0a93290, 0x0000025ea0a93920,
0x0000025ea0a91ee0, 0x0000025ea0a987e0, 0x0000025ea0a98e70, 0x0000025e9fb5b990,
0x0000025e9fb5cd40, 0x0000025e9fb5d3d0, 0x0000025e9fb5a5e0, 0x0000025e9fb5c020,
0x0000025e9fb5c6b0, 0x0000025e9fb5da60, 0x0000025e9fb598c0, 0x0000025e9fb5f4a0,
0x0000025e9fb5ee10, 0x0000025e9fb59230, 0x0000025e9fb5fb30
}

Java Threads: ( => current thread )
  0x0000025e3e1bc9b0 JavaThread "main"                              [_thread_blocked, id=33476, stack(0x000000c2e4400000,0x000000c2e4500000) (1024K)]
  0x0000025e5461f230 JavaThread "Reference Handler"          daemon [_thread_blocked, id=34196, stack(0x000000c2e4800000,0x000000c2e4900000) (1024K)]
  0x0000025e54620c20 JavaThread "Finalizer"                  daemon [_thread_blocked, id=31828, stack(0x000000c2e4900000,0x000000c2e4a00000) (1024K)]
  0x0000025e54623d40 JavaThread "Signal Dispatcher"          daemon [_thread_blocked, id=31156, stack(0x000000c2e4a00000,0x000000c2e4b00000) (1024K)]
  0x0000025e54624fd0 JavaThread "Attach Listener"            daemon [_thread_blocked, id=15464, stack(0x000000c2e4b00000,0x000000c2e4c00000) (1024K)]
  0x0000025e54625fd0 JavaThread "Service Thread"             daemon [_thread_blocked, id=21228, stack(0x000000c2e4c00000,0x000000c2e4d00000) (1024K)]
  0x0000025e54627d20 JavaThread "Monitor Deflation Thread"   daemon [_thread_blocked, id=512, stack(0x000000c2e4d00000,0x000000c2e4e00000) (1024K)]
=>0x0000025e5462dac0 JavaThread "C2 CompilerThread0"         daemon [_thread_in_native, id=16760, stack(0x000000c2e4e00000,0x000000c2e4f00000) (1024K)]
  0x0000025e54646f90 JavaThread "C1 CompilerThread0"         daemon [_thread_blocked, id=27772, stack(0x000000c2e4f00000,0x000000c2e5000000) (1024K)]
  0x0000025e9b208000 JavaThread "Common-Cleaner"             daemon [_thread_blocked, id=7464, stack(0x000000c2e5000000,0x000000c2e5100000) (1024K)]
  0x0000025e9b3ef7b0 JavaThread "Notification Thread"        daemon [_thread_blocked, id=24968, stack(0x000000c2e5100000,0x000000c2e5200000) (1024K)]
  0x0000025e9bd3e100 JavaThread "Active Thread: Equinox Container: f77e07d2-659d-4872-9d54-431a84598fe0"        [_thread_blocked, id=18084, stack(0x000000c2e5900000,0x000000c2e5a00000) (1024K)]
  0x0000025e9b4524b0 JavaThread "Refresh Thread: Equinox Container: f77e07d2-659d-4872-9d54-431a84598fe0" daemon [_thread_blocked, id=2860, stack(0x000000c2e5200000,0x000000c2e5300000) (1024K)]
  0x0000025e9b33c270 JavaThread "Framework Event Dispatcher: Equinox Container: f77e07d2-659d-4872-9d54-431a84598fe0" daemon [_thread_blocked, id=32472, stack(0x000000c2e5a00000,0x000000c2e5b00000) (1024K)]
  0x0000025e9b9c3cf0 JavaThread "Start Level: Equinox Container: f77e07d2-659d-4872-9d54-431a84598fe0" daemon [_thread_blocked, id=10332, stack(0x000000c2e5c00000,0x000000c2e5d00000) (1024K)]
  0x0000025e9b766500 JavaThread "Bundle File Closer"         daemon [_thread_blocked, id=18648, stack(0x000000c2e5d00000,0x000000c2e5e00000) (1024K)]
  0x0000025e9b25a6f0 JavaThread "SCR Component Actor"        daemon [_thread_blocked, id=22104, stack(0x000000c2e5e00000,0x000000c2e5f00000) (1024K)]
  0x0000025e9c23c9d0 JavaThread "Worker-JM"                         [_thread_blocked, id=34624, stack(0x000000c2e6200000,0x000000c2e6300000) (1024K)]
  0x0000025e9c23c340 JavaThread "JNA Cleaner"                daemon [_thread_blocked, id=7304, stack(0x000000c2e6000000,0x000000c2e6100000) (1024K)]
  0x0000025e9c23d6f0 JavaThread "Worker-0"                          [_thread_blocked, id=16832, stack(0x000000c2e6100000,0x000000c2e6200000) (1024K)]
  0x0000025e9c23dd80 JavaThread "Worker-1"                          [_thread_blocked, id=35672, stack(0x000000c2e6300000,0x000000c2e6400000) (1024K)]
  0x0000025e9c23b620 JavaThread "Worker-2"                          [_thread_blocked, id=19016, stack(0x000000c2e6500000,0x000000c2e6600000) (1024K)]
  0x0000025e9c23af90 JavaThread "Java indexing"              daemon [_thread_in_Java, id=30220, stack(0x000000c2e6600000,0x000000c2e6700000) (1024K)]
  0x0000025e9c23bcb0 JavaThread "Worker-3: Building"                [_thread_in_vm, id=15976, stack(0x000000c2e6700000,0x000000c2e6800000) (1024K)]
  0x0000025e9eaee610 JavaThread "Worker-4"                          [_thread_blocked, id=18284, stack(0x000000c2e6b00000,0x000000c2e6c00000) (1024K)]
  0x0000025e9eaecbd0 JavaThread "Worker-5"                          [_thread_blocked, id=27108, stack(0x000000c2e6c00000,0x000000c2e6d00000) (1024K)]
  0x0000025e9eaed8f0 JavaThread "Worker-6"                          [_thread_blocked, id=12968, stack(0x000000c2e6d00000,0x000000c2e6e00000) (1024K)]
  0x0000025e9eaedf80 JavaThread "Thread-2"                   daemon [_thread_in_native, id=13664, stack(0x000000c2e6e00000,0x000000c2e6f00000) (1024K)]
  0x0000025e9eaeeca0 JavaThread "Thread-3"                   daemon [_thread_in_native, id=29180, stack(0x000000c2e6f00000,0x000000c2e7000000) (1024K)]
  0x0000025e9eaef330 JavaThread "Thread-4"                   daemon [_thread_in_native, id=8344, stack(0x000000c2e7000000,0x000000c2e7100000) (1024K)]
  0x0000025e9eaef9c0 JavaThread "Thread-5"                   daemon [_thread_in_native, id=33676, stack(0x000000c2e7100000,0x000000c2e7200000) (1024K)]
  0x0000025e9eaf0050 JavaThread "Thread-6"                   daemon [_thread_in_native, id=23172, stack(0x000000c2e7200000,0x000000c2e7300000) (1024K)]
  0x0000025e9eaed260 JavaThread "Thread-7"                   daemon [_thread_in_native, id=26472, stack(0x000000c2e7300000,0x000000c2e7400000) (1024K)]
  0x0000025e9de56c90 JavaThread "Thread-8"                   daemon [_thread_in_native, id=30528, stack(0x000000c2e7400000,0x000000c2e7500000) (1024K)]
  0x0000025e9de579b0 JavaThread "Thread-9"                   daemon [_thread_in_native, id=29772, stack(0x000000c2e7500000,0x000000c2e7600000) (1024K)]
  0x0000025e9de58040 JavaThread "Thread-10"                  daemon [_thread_in_native, id=16172, stack(0x000000c2e7600000,0x000000c2e7700000) (1024K)]
  0x0000025e9de55f70 JavaThread "pool-2-thread-1"                   [_thread_blocked, id=34704, stack(0x000000c2e7700000,0x000000c2e7800000) (1024K)]
  0x0000025e9de54bc0 JavaThread "WorkspaceEventsHandler"            [_thread_blocked, id=15536, stack(0x000000c2e7800000,0x000000c2e7900000) (1024K)]
  0x0000025e9de558e0 JavaThread "pool-1-thread-1"                   [_thread_blocked, id=26096, stack(0x000000c2e7900000,0x000000c2e7a00000) (1024K)]
  0x0000025e9de56600 JavaThread "Worker-7: Java indexing... "        [_thread_blocked, id=26256, stack(0x000000c2e7a00000,0x000000c2e7b00000) (1024K)]
  0x0000025e9de55250 JavaThread "Worker-8"                          [_thread_blocked, id=33136, stack(0x000000c2e7b00000,0x000000c2e7c00000) (1024K)]
  0x0000025ea0a92570 JavaThread "LocalFile Deleter"          daemon [_thread_blocked, id=29752, stack(0x000000c2e5f00000,0x000000c2e6000000) (1024K)]
  0x0000025ea0a92c00 JavaThread "LocalFile Deleter"          daemon [_thread_blocked, id=19448, stack(0x000000c2e7c00000,0x000000c2e7d00000) (1024K)]
  0x0000025ea0a96da0 JavaThread "LocalFile Deleter"          daemon [_thread_blocked, id=34128, stack(0x000000c2e7d00000,0x000000c2e7e00000) (1024K)]
  0x0000025ea0a91850 JavaThread "LocalFile Deleter"          daemon [_thread_blocked, id=17136, stack(0x000000c2e7e00000,0x000000c2e7f00000) (1024K)]
  0x0000025ea0a93fb0 JavaThread "LocalFile Deleter"          daemon [_thread_blocked, id=30532, stack(0x000000c2e7f00000,0x000000c2e8000000) (1024K)]
  0x0000025ea0a94640 JavaThread "LocalFile Deleter"          daemon [_thread_blocked, id=22628, stack(0x000000c2e8000000,0x000000c2e8100000) (1024K)]
  0x0000025ea0a97430 JavaThread "LocalFile Deleter"          daemon [_thread_blocked, id=34572, stack(0x000000c2e8100000,0x000000c2e8200000) (1024K)]
  0x0000025ea0a95360 JavaThread "LocalFile Deleter"          daemon [_thread_blocked, id=29680, stack(0x000000c2e8200000,0x000000c2e8300000) (1024K)]
  0x0000025ea0a97ac0 JavaThread "Compiler Source File Reader" daemon [_thread_blocked, id=13728, stack(0x000000c2e8300000,0x000000c2e8400000) (1024K)]
  0x0000025ea0a93290 JavaThread "Compiler Source File Reader" daemon [_thread_blocked, id=35048, stack(0x000000c2e8400000,0x000000c2e8500000) (1024K)]
  0x0000025ea0a93920 JavaThread "Compiler Source File Reader" daemon [_thread_blocked, id=6700, stack(0x000000c2e8500000,0x000000c2e8600000) (1024K)]
  0x0000025ea0a91ee0 JavaThread "Compiler Source File Reader" daemon [_thread_blocked, id=4476, stack(0x000000c2e8600000,0x000000c2e8700000) (1024K)]
  0x0000025ea0a987e0 JavaThread "Compiler Source File Reader" daemon [_thread_blocked, id=33452, stack(0x000000c2e8700000,0x000000c2e8800000) (1024K)]
  0x0000025ea0a98e70 JavaThread "Compiler Source File Reader" daemon [_thread_blocked, id=7452, stack(0x000000c2e8800000,0x000000c2e8900000) (1024K)]
  0x0000025e9fb5b990 JavaThread "Compiler Processing Task"   daemon [_thread_blocked, id=9288, stack(0x000000c2e6800000,0x000000c2e6900000) (1024K)]
  0x0000025e9fb5cd40 JavaThread "Compiler Class File Writer" daemon [_thread_blocked, id=28424, stack(0x000000c2e8900000,0x000000c2e8a00000) (1024K)]
  0x0000025e9fb5d3d0 JavaThread "Compiler Class File Writer" daemon [_thread_blocked, id=12760, stack(0x000000c2e8a00000,0x000000c2e8b00000) (1024K)]
  0x0000025e9fb5a5e0 JavaThread "Compiler Class File Writer" daemon [_thread_blocked, id=30420, stack(0x000000c2e8b00000,0x000000c2e8c00000) (1024K)]
  0x0000025e9fb5c020 JavaThread "Compiler Class File Writer" daemon [_thread_blocked, id=14588, stack(0x000000c2e8c00000,0x000000c2e8d00000) (1024K)]
  0x0000025e9fb5c6b0 JavaThread "Compiler Class File Writer" daemon [_thread_blocked, id=13252, stack(0x000000c2e8d00000,0x000000c2e8e00000) (1024K)]
  0x0000025e9fb5da60 JavaThread "Compiler Class File Writer" daemon [_thread_blocked, id=30764, stack(0x000000c2e8e00000,0x000000c2e8f00000) (1024K)]
  0x0000025e9fb598c0 JavaThread "ParallelDescriptorResolver-1-0" daemon [_thread_blocked, id=33588, stack(0x000000c2e8f00000,0x000000c2e9000000) (1024K)]
  0x0000025e9fb5f4a0 Thread "Unknown thread"                        [id=16120, stack(0x000000c2e9000000,0x000000c2e9100000) (1024K)]
  0x0000025e9fb5ee10 Thread "Unknown thread"                        [id=24668, stack(0x000000c2e9100000,0x000000c2e9200000) (1024K)]
  0x0000025e9fb59230 JavaThread "ParallelDescriptorResolver-1-3" daemon [_thread_blocked, id=11812, stack(0x000000c2e9200000,0x000000c2e9300000) (1024K)]
  0x0000025e9fb5fb30 JavaThread "ParallelDescriptorResolver-1-4" daemon [_thread_blocked, id=35072, stack(0x000000c2e9300000,0x000000c2e9400000) (1024K)]
Total: 67

Other Threads:
  0x0000025e54603bd0 VMThread "VM Thread"                           [id=31600, stack(0x000000c2e4700000,0x000000c2e4800000) (1024K)]
  0x0000025e3e229980 WatcherThread "VM Periodic Task Thread"        [id=34076, stack(0x000000c2e4600000,0x000000c2e4700000) (1024K)]
  0x0000025e3e1db2f0 WorkerThread "GC Thread#0"                     [id=30140, stack(0x000000c2e4500000,0x000000c2e4600000) (1024K)]
  0x0000025e9b6a6c10 WorkerThread "GC Thread#1"                     [id=11572, stack(0x000000c2e5300000,0x000000c2e5400000) (1024K)]
  0x0000025e9b94ac90 WorkerThread "GC Thread#2"                     [id=31596, stack(0x000000c2e5400000,0x000000c2e5500000) (1024K)]
  0x0000025e9b94b030 WorkerThread "GC Thread#3"                     [id=10560, stack(0x000000c2e5500000,0x000000c2e5600000) (1024K)]
  0x0000025e9b66ba40 WorkerThread "GC Thread#4"                     [id=11604, stack(0x000000c2e5600000,0x000000c2e5700000) (1024K)]
  0x0000025e9b66bde0 WorkerThread "GC Thread#5"                     [id=27876, stack(0x000000c2e5700000,0x000000c2e5800000) (1024K)]
  0x0000025e9b66c590 WorkerThread "GC Thread#6"                     [id=22084, stack(0x000000c2e5800000,0x000000c2e5900000) (1024K)]
  0x0000025e9ba8bf30 WorkerThread "GC Thread#7"                     [id=3432, stack(0x000000c2e5b00000,0x000000c2e5c00000) (1024K)]
Total: 10

Threads with active compile tasks:
C2 CompilerThread0  56828 13063   !   4       org.codehaus.plexus.interpolation.ObjectBasedValueSource::getValue (66 bytes)
C1 CompilerThread0  56828 13078       3       org.eclipse.aether.named.support.ReadWriteLockNamedLock::doLockShared (45 bytes)
Total: 2

VM state: not at safepoint (normal execution)

VM Mutex/Monitor currently owned by a thread: None

Heap address: 0x00000000c0000000, size: 1024 MB, Compressed Oops mode: 32-bit

CDS archive(s) mapped at: [0x0000025e55000000-0x0000025e55ba0000-0x0000025e55ba0000), size 12189696, SharedBaseAddress: 0x0000025e55000000, ArchiveRelocationMode: 1.
Compressed class space mapped at: 0x0000025e56000000-0x0000025e96000000, reserved size: 1073741824
Narrow klass base: 0x0000025e55000000, Narrow klass shift: 0, Narrow klass range: 0x100000000

GC Precious Log:
 CardTable entry size: 512
 CPUs: 8 total, 8 available
 Memory: 15761M
 Large Page Support: Disabled
 NUMA Support: Disabled
 Compressed Oops: Enabled (32-bit)
 Alignments: Space 512K, Generation 512K, Heap 2M
 Heap Min Capacity: 100M
 Heap Initial Capacity: 100M
 Heap Max Capacity: 1G
 Pre-touch: Disabled
 Parallel Workers: 8

Heap:
 PSYoungGen      total 12288K, used 11515K [0x00000000eab00000, 0x00000000eb980000, 0x0000000100000000)
  eden space 9728K, 97% used [0x00000000eab00000,0x00000000eb43c2e8,0x00000000eb480000)
  from space 2560K, 80% used [0x00000000eb700000,0x00000000eb902be8,0x00000000eb980000)
  to   space 2560K, 0% used [0x00000000eb480000,0x00000000eb480000,0x00000000eb700000)
 ParOldGen       total 128512K, used 128281K [0x00000000c0000000, 0x00000000c7d80000, 0x00000000eab00000)
  object space 128512K, 99% used [0x00000000c0000000,0x00000000c7d46790,0x00000000c7d80000)
 Metaspace       used 67555K, committed 68928K, reserved 1114112K
  class space    used 6943K, committed 7552K, reserved 1048576K

Card table byte_map: [0x0000025e51ed0000,0x0000025e520e0000] _byte_map_base: 0x0000025e518d0000

Marking Bits: (ParMarkBitMap*) 0x00007ffddb8f2250
 Begin Bits: [0x0000025e52240000, 0x0000025e53240000)
 End Bits:   [0x0000025e53240000, 0x0000025e54240000)

Polling page: 0x0000025e3e280000

Metaspace:

Usage:
  Non-class:     59.19 MB used.
      Class:      6.78 MB used.
       Both:     65.97 MB used.

Virtual space:
  Non-class space:       64.00 MB reserved,      59.94 MB ( 94%) committed,  1 nodes.
      Class space:        1.00 GB reserved,       7.38 MB ( <1%) committed,  1 nodes.
             Both:        1.06 GB reserved,      67.31 MB (  6%) committed. 

Chunk freelists:
   Non-Class:  3.62 MB
       Class:  8.56 MB
        Both:  12.19 MB

MaxMetaspaceSize: unlimited
CompressedClassSpaceSize: 1.00 GB
Initial GC threshold: 21.00 MB
Current GC threshold: 97.31 MB
CDS: on
 - commit_granule_bytes: 65536.
 - commit_granule_words: 8192.
 - virtual_space_node_default_size: 8388608.
 - enlarge_chunks_in_place: 1.
 - use_allocation_guard: 0.


Internal statistics:

num_allocs_failed_limit: 9.
num_arena_births: 1198.
num_arena_deaths: 14.
num_vsnodes_births: 2.
num_vsnodes_deaths: 0.
num_space_committed: 1076.
num_space_uncommitted: 0.
num_chunks_returned_to_freelist: 23.
num_chunks_taken_from_freelist: 4398.
num_chunk_merges: 15.
num_chunk_splits: 2670.
num_chunks_enlarged: 1470.
num_inconsistent_stats: 0.

CodeHeap 'non-profiled nmethods': size=120000Kb used=9275Kb max_used=9275Kb free=110724Kb
 bounds [0x0000025e4a7b0000, 0x0000025e4b0c0000, 0x0000025e51ce0000]
CodeHeap 'profiled nmethods': size=120000Kb used=29128Kb max_used=29128Kb free=90871Kb
 bounds [0x0000025e42ce0000, 0x0000025e44960000, 0x0000025e4a210000]
CodeHeap 'non-nmethods': size=5760Kb used=1463Kb max_used=1559Kb free=4296Kb
 bounds [0x0000025e4a210000, 0x0000025e4a480000, 0x0000025e4a7b0000]
 total_blobs=12951 nmethods=12181 adapters=675
 compilation: enabled
              stopped_count=0, restarted_count=0
 full_count=0

Compilation events (20 events):
Event: 56.484 Thread 0x0000025e54646f90 13059       3       org.apache.maven.model.merge.ModelMerger::mergeBuildBase_FinalName (43 bytes)
Event: 56.484 Thread 0x0000025e54646f90 nmethod 13059 0x0000025e4494b590 code [0x0000025e4494b760, 0x0000025e4494bc80]
Event: 56.484 Thread 0x0000025e54646f90 13061       1       org.apache.maven.model.ReportSet::getId (5 bytes)
Event: 56.484 Thread 0x0000025e54646f90 nmethod 13061 0x0000025e4b0bd410 code [0x0000025e4b0bd5a0, 0x0000025e4b0bd668]
Event: 56.491 Thread 0x0000025e5462dac0 nmethod 13062 0x0000025e4b0bd710 code [0x0000025e4b0bd9c0, 0x0000025e4b0be230]
Event: 56.491 Thread 0x0000025e5462dac0 13063   !   4       org.codehaus.plexus.interpolation.ObjectBasedValueSource::getValue (66 bytes)
Event: 56.573 Thread 0x0000025e54646f90 13064       3       java.lang.invoke.LambdaForm$MH/0x0000025e56751c00::invoke (42 bytes)
Event: 56.574 Thread 0x0000025e54646f90 nmethod 13064 0x0000025e4494be10 code [0x0000025e4494c040, 0x0000025e4494c980]
Event: 56.574 Thread 0x0000025e54646f90 13066       3       java.util.concurrent.ThreadPoolExecutor$Worker::unlock (7 bytes)
Event: 56.575 Thread 0x0000025e54646f90 nmethod 13066 0x0000025e4494cc10 code [0x0000025e4494cde0, 0x0000025e4494d038]
Event: 56.575 Thread 0x0000025e54646f90 13067       3       java.util.concurrent.ThreadPoolExecutor$Worker::tryRelease (12 bytes)
Event: 56.575 Thread 0x0000025e54646f90 nmethod 13067 0x0000025e4494d190 code [0x0000025e4494d320, 0x0000025e4494d488]
Event: 56.631 Thread 0x0000025e54646f90 13068       3       java.lang.AbstractStringBuilder::substring (44 bytes)
Event: 56.631 Thread 0x0000025e54646f90 nmethod 13068 0x0000025e4494d510 code [0x0000025e4494d700, 0x0000025e4494dae0]
Event: 56.635 Thread 0x0000025e54646f90 13069       3       org.apache.maven.model.merge.ModelMerger::mergeReporting (28 bytes)
Event: 56.635 Thread 0x0000025e54646f90 nmethod 13069 0x0000025e4494dc90 code [0x0000025e4494de60, 0x0000025e4494e200]
Event: 56.635 Thread 0x0000025e54646f90 13070       1       org.apache.maven.model.DistributionManagement::getRelocation (5 bytes)
Event: 56.636 Thread 0x0000025e54646f90 nmethod 13070 0x0000025e4b0beb10 code [0x0000025e4b0beca0, 0x0000025e4b0bed68]
Event: 56.675 Thread 0x0000025e54646f90 13071       3       org.eclipse.aether.graph.Dependency::<init> (13 bytes)
Event: 56.676 Thread 0x0000025e54646f90 nmethod 13071 0x0000025e4494e310 code [0x0000025e4494e500, 0x0000025e4494e910]

GC Heap History (20 events):
Event: 53.610 GC heap before
{Heap before GC invocations=72 (full 3):
 PSYoungGen      total 11776K, used 11511K [0x00000000eab00000, 0x00000000eb980000, 0x0000000100000000)
  eden space 9728K, 100% used [0x00000000eab00000,0x00000000eb480000,0x00000000eb480000)
  from space 2048K, 87% used [0x00000000eb780000,0x00000000eb93dcc0,0x00000000eb980000)
  to   space 2048K, 0% used [0x00000000eb580000,0x00000000eb580000,0x00000000eb780000)
 ParOldGen       total 112640K, used 112315K [0x00000000c0000000, 0x00000000c6e00000, 0x00000000eab00000)
  object space 112640K, 99% used [0x00000000c0000000,0x00000000c6daee48,0x00000000c6e00000)
 Metaspace       used 66758K, committed 68160K, reserved 1114112K
  class space    used 6855K, committed 7488K, reserved 1048576K
}
Event: 53.613 GC heap after
{Heap after GC invocations=72 (full 3):
 PSYoungGen      total 11264K, used 1184K [0x00000000eab00000, 0x00000000eb800000, 0x0000000100000000)
  eden space 9728K, 0% used [0x00000000eab00000,0x00000000eab00000,0x00000000eb480000)
  from space 1536K, 77% used [0x00000000eb580000,0x00000000eb6a8000,0x00000000eb700000)
  to   space 1024K, 0% used [0x00000000eb700000,0x00000000eb700000,0x00000000eb800000)
 ParOldGen       total 114176K, used 113864K [0x00000000c0000000, 0x00000000c6f80000, 0x00000000eab00000)
  object space 114176K, 99% used [0x00000000c0000000,0x00000000c6f32380,0x00000000c6f80000)
 Metaspace       used 66758K, committed 68160K, reserved 1114112K
  class space    used 6855K, committed 7488K, reserved 1048576K
}
Event: 53.660 GC heap before
{Heap before GC invocations=73 (full 3):
 PSYoungGen      total 11264K, used 10912K [0x00000000eab00000, 0x00000000eb800000, 0x0000000100000000)
  eden space 9728K, 100% used [0x00000000eab00000,0x00000000eb480000,0x00000000eb480000)
  from space 1536K, 77% used [0x00000000eb580000,0x00000000eb6a8000,0x00000000eb700000)
  to   space 1024K, 0% used [0x00000000eb700000,0x00000000eb700000,0x00000000eb800000)
 ParOldGen       total 114176K, used 113864K [0x00000000c0000000, 0x00000000c6f80000, 0x00000000eab00000)
  object space 114176K, 99% used [0x00000000c0000000,0x00000000c6f32380,0x00000000c6f80000)
 Metaspace       used 66779K, committed 68224K, reserved 1114112K
  class space    used 6855K, committed 7488K, reserved 1048576K
}
Event: 53.663 GC heap after
{Heap after GC invocations=73 (full 3):
 PSYoungGen      total 10752K, used 1024K [0x00000000eab00000, 0x00000000eb880000, 0x0000000100000000)
  eden space 9728K, 0% used [0x00000000eab00000,0x00000000eab00000,0x00000000eb480000)
  from space 1024K, 100% used [0x00000000eb700000,0x00000000eb800000,0x00000000eb800000)
  to   space 2048K, 0% used [0x00000000eb480000,0x00000000eb480000,0x00000000eb680000)
 ParOldGen       total 115200K, used 114734K [0x00000000c0000000, 0x00000000c7080000, 0x00000000eab00000)
  object space 115200K, 99% used [0x00000000c0000000,0x00000000c700b990,0x00000000c7080000)
 Metaspace       used 66779K, committed 68224K, reserved 1114112K
  class space    used 6855K, committed 7488K, reserved 1048576K
}
Event: 53.732 GC heap before
{Heap before GC invocations=74 (full 3):
 PSYoungGen      total 10752K, used 10752K [0x00000000eab00000, 0x00000000eb880000, 0x0000000100000000)
  eden space 9728K, 100% used [0x00000000eab00000,0x00000000eb480000,0x00000000eb480000)
  from space 1024K, 100% used [0x00000000eb700000,0x00000000eb800000,0x00000000eb800000)
  to   space 2048K, 0% used [0x00000000eb480000,0x00000000eb480000,0x00000000eb680000)
 ParOldGen       total 115200K, used 114734K [0x00000000c0000000, 0x00000000c7080000, 0x00000000eab00000)
  object space 115200K, 99% used [0x00000000c0000000,0x00000000c700b990,0x00000000c7080000)
 Metaspace       used 66807K, committed 68224K, reserved 1114112K
  class space    used 6855K, committed 7488K, reserved 1048576K
}
Event: 53.736 GC heap after
{Heap after GC invocations=74 (full 3):
 PSYoungGen      total 11776K, used 1728K [0x00000000eab00000, 0x00000000eb880000, 0x0000000100000000)
  eden space 9728K, 0% used [0x00000000eab00000,0x00000000eab00000,0x00000000eb480000)
  from space 2048K, 84% used [0x00000000eb480000,0x00000000eb630000,0x00000000eb680000)
  to   space 2048K, 0% used [0x00000000eb680000,0x00000000eb680000,0x00000000eb880000)
 ParOldGen       total 115712K, used 115637K [0x00000000c0000000, 0x00000000c7100000, 0x00000000eab00000)
  object space 115712K, 99% used [0x00000000c0000000,0x00000000c70ed690,0x00000000c7100000)
 Metaspace       used 66807K, committed 68224K, reserved 1114112K
  class space    used 6855K, committed 7488K, reserved 1048576K
}
Event: 53.811 GC heap before
{Heap before GC invocations=75 (full 3):
 PSYoungGen      total 11776K, used 11456K [0x00000000eab00000, 0x00000000eb880000, 0x0000000100000000)
  eden space 9728K, 100% used [0x00000000eab00000,0x00000000eb480000,0x00000000eb480000)
  from space 2048K, 84% used [0x00000000eb480000,0x00000000eb630000,0x00000000eb680000)
  to   space 2048K, 0% used [0x00000000eb680000,0x00000000eb680000,0x00000000eb880000)
 ParOldGen       total 115712K, used 115637K [0x00000000c0000000, 0x00000000c7100000, 0x00000000eab00000)
  object space 115712K, 99% used [0x00000000c0000000,0x00000000c70ed690,0x00000000c7100000)
 Metaspace       used 66869K, committed 68288K, reserved 1114112K
  class space    used 6858K, committed 7488K, reserved 1048576K
}
Event: 53.815 GC heap after
{Heap after GC invocations=75 (full 3):
 PSYoungGen      total 11776K, used 1486K [0x00000000eab00000, 0x00000000eb880000, 0x0000000100000000)
  eden space 9728K, 0% used [0x00000000eab00000,0x00000000eab00000,0x00000000eb480000)
  from space 2048K, 72% used [0x00000000eb680000,0x00000000eb7f3890,0x00000000eb880000)
  to   space 2048K, 0% used [0x00000000eb480000,0x00000000eb480000,0x00000000eb680000)
 ParOldGen       total 117248K, used 117233K [0x00000000c0000000, 0x00000000c7280000, 0x00000000eab00000)
  object space 117248K, 99% used [0x00000000c0000000,0x00000000c727c630,0x00000000c7280000)
 Metaspace       used 66869K, committed 68288K, reserved 1114112K
  class space    used 6858K, committed 7488K, reserved 1048576K
}
Event: 53.959 GC heap before
{Heap before GC invocations=76 (full 3):
 PSYoungGen      total 11776K, used 11214K [0x00000000eab00000, 0x00000000eb880000, 0x0000000100000000)
  eden space 9728K, 100% used [0x00000000eab00000,0x00000000eb480000,0x00000000eb480000)
  from space 2048K, 72% used [0x00000000eb680000,0x00000000eb7f3890,0x00000000eb880000)
  to   space 2048K, 0% used [0x00000000eb480000,0x00000000eb480000,0x00000000eb680000)
 ParOldGen       total 117248K, used 117233K [0x00000000c0000000, 0x00000000c7280000, 0x00000000eab00000)
  object space 117248K, 99% used [0x00000000c0000000,0x00000000c727c630,0x00000000c7280000)
 Metaspace       used 66885K, committed 68288K, reserved 1114112K
  class space    used 6858K, committed 7488K, reserved 1048576K
}
Event: 53.962 GC heap after
{Heap after GC invocations=76 (full 3):
 PSYoungGen      total 11776K, used 1971K [0x00000000eab00000, 0x00000000eb980000, 0x0000000100000000)
  eden space 9728K, 0% used [0x00000000eab00000,0x00000000eab00000,0x00000000eb480000)
  from space 2048K, 96% used [0x00000000eb480000,0x00000000eb66cfa8,0x00000000eb680000)
  to   space 2560K, 0% used [0x00000000eb700000,0x00000000eb700000,0x00000000eb980000)
 ParOldGen       total 118784K, used 118648K [0x00000000c0000000, 0x00000000c7400000, 0x00000000eab00000)
  object space 118784K, 99% used [0x00000000c0000000,0x00000000c73de278,0x00000000c7400000)
 Metaspace       used 66885K, committed 68288K, reserved 1114112K
  class space    used 6858K, committed 7488K, reserved 1048576K
}
Event: 54.058 GC heap before
{Heap before GC invocations=77 (full 3):
 PSYoungGen      total 11776K, used 11699K [0x00000000eab00000, 0x00000000eb980000, 0x0000000100000000)
  eden space 9728K, 100% used [0x00000000eab00000,0x00000000eb480000,0x00000000eb480000)
  from space 2048K, 96% used [0x00000000eb480000,0x00000000eb66cfa8,0x00000000eb680000)
  to   space 2560K, 0% used [0x00000000eb700000,0x00000000eb700000,0x00000000eb980000)
 ParOldGen       total 118784K, used 118648K [0x00000000c0000000, 0x00000000c7400000, 0x00000000eab00000)
  object space 118784K, 99% used [0x00000000c0000000,0x00000000c73de278,0x00000000c7400000)
 Metaspace       used 67065K, committed 68480K, reserved 1114112K
  class space    used 6880K, committed 7552K, reserved 1048576K
}
Event: 54.061 GC heap after
{Heap after GC invocations=77 (full 3):
 PSYoungGen      total 12288K, used 2093K [0x00000000eab00000, 0x00000000eb980000, 0x0000000100000000)
  eden space 9728K, 0% used [0x00000000eab00000,0x00000000eab00000,0x00000000eb480000)
  from space 2560K, 81% used [0x00000000eb700000,0x00000000eb90b690,0x00000000eb980000)
  to   space 2560K, 0% used [0x00000000eb480000,0x00000000eb480000,0x00000000eb700000)
 ParOldGen       total 120832K, used 120459K [0x00000000c0000000, 0x00000000c7600000, 0x00000000eab00000)
  object space 120832K, 99% used [0x00000000c0000000,0x00000000c75a2e78,0x00000000c7600000)
 Metaspace       used 67065K, committed 68480K, reserved 1114112K
  class space    used 6880K, committed 7552K, reserved 1048576K
}
Event: 54.235 GC heap before
{Heap before GC invocations=78 (full 3):
 PSYoungGen      total 12288K, used 11821K [0x00000000eab00000, 0x00000000eb980000, 0x0000000100000000)
  eden space 9728K, 100% used [0x00000000eab00000,0x00000000eb480000,0x00000000eb480000)
  from space 2560K, 81% used [0x00000000eb700000,0x00000000eb90b690,0x00000000eb980000)
  to   space 2560K, 0% used [0x00000000eb480000,0x00000000eb480000,0x00000000eb700000)
 ParOldGen       total 120832K, used 120459K [0x00000000c0000000, 0x00000000c7600000, 0x00000000eab00000)
  object space 120832K, 99% used [0x00000000c0000000,0x00000000c75a2e78,0x00000000c7600000)
 Metaspace       used 67263K, committed 68672K, reserved 1114112K
  class space    used 6909K, committed 7552K, reserved 1048576K
}
Event: 54.239 GC heap after
{Heap after GC invocations=78 (full 3):
 PSYoungGen      total 12288K, used 2487K [0x00000000eab00000, 0x00000000eba80000, 0x0000000100000000)
  eden space 9728K, 0% used [0x00000000eab00000,0x00000000eab00000,0x00000000eb480000)
  from space 2560K, 97% used [0x00000000eb480000,0x00000000eb6edc80,0x00000000eb700000)
  to   space 3072K, 0% used [0x00000000eb780000,0x00000000eb780000,0x00000000eba80000)
 ParOldGen       total 122368K, used 122320K [0x00000000c0000000, 0x00000000c7780000, 0x00000000eab00000)
  object space 122368K, 99% used [0x00000000c0000000,0x00000000c77740f0,0x00000000c7780000)
 Metaspace       used 67263K, committed 68672K, reserved 1114112K
  class space    used 6909K, committed 7552K, reserved 1048576K
}
Event: 54.744 GC heap before
{Heap before GC invocations=79 (full 3):
 PSYoungGen      total 12288K, used 12215K [0x00000000eab00000, 0x00000000eba80000, 0x0000000100000000)
  eden space 9728K, 100% used [0x00000000eab00000,0x00000000eb480000,0x00000000eb480000)
  from space 2560K, 97% used [0x00000000eb480000,0x00000000eb6edc80,0x00000000eb700000)
  to   space 3072K, 0% used [0x00000000eb780000,0x00000000eb780000,0x00000000eba80000)
 ParOldGen       total 122368K, used 122320K [0x00000000c0000000, 0x00000000c7780000, 0x00000000eab00000)
  object space 122368K, 99% used [0x00000000c0000000,0x00000000c77740f0,0x00000000c7780000)
 Metaspace       used 67318K, committed 68736K, reserved 1114112K
  class space    used 6915K, committed 7552K, reserved 1048576K
}
Event: 54.748 GC heap after
{Heap after GC invocations=79 (full 3):
 PSYoungGen      total 11776K, used 2014K [0x00000000eab00000, 0x00000000eb980000, 0x0000000100000000)
  eden space 9728K, 0% used [0x00000000eab00000,0x00000000eab00000,0x00000000eb480000)
  from space 2048K, 98% used [0x00000000eb780000,0x00000000eb977a58,0x00000000eb980000)
  to   space 2560K, 0% used [0x00000000eb480000,0x00000000eb480000,0x00000000eb700000)
 ParOldGen       total 124416K, used 124237K [0x00000000c0000000, 0x00000000c7980000, 0x00000000eab00000)
  object space 124416K, 99% used [0x00000000c0000000,0x00000000c7953518,0x00000000c7980000)
 Metaspace       used 67318K, committed 68736K, reserved 1114112K
  class space    used 6915K, committed 7552K, reserved 1048576K
}
Event: 55.169 GC heap before
{Heap before GC invocations=80 (full 3):
 PSYoungGen      total 11776K, used 11729K [0x00000000eab00000, 0x00000000eb980000, 0x0000000100000000)
  eden space 9728K, 99% used [0x00000000eab00000,0x00000000eb47cd60,0x00000000eb480000)
  from space 2048K, 98% used [0x00000000eb780000,0x00000000eb977a58,0x00000000eb980000)
  to   space 2560K, 0% used [0x00000000eb480000,0x00000000eb480000,0x00000000eb700000)
 ParOldGen       total 124416K, used 124237K [0x00000000c0000000, 0x00000000c7980000, 0x00000000eab00000)
  object space 124416K, 99% used [0x00000000c0000000,0x00000000c7953518,0x00000000c7980000)
 Metaspace       used 67351K, committed 68736K, reserved 1114112K
  class space    used 6922K, committed 7552K, reserved 1048576K
}
Event: 55.172 GC heap after
{Heap after GC invocations=80 (full 3):
 PSYoungGen      total 12288K, used 2336K [0x00000000eab00000, 0x00000000eb980000, 0x0000000100000000)
  eden space 9728K, 0% used [0x00000000eab00000,0x00000000eab00000,0x00000000eb480000)
  from space 2560K, 91% used [0x00000000eb480000,0x00000000eb6c82c0,0x00000000eb700000)
  to   space 2560K, 0% used [0x00000000eb700000,0x00000000eb700000,0x00000000eb980000)
 ParOldGen       total 126464K, used 126102K [0x00000000c0000000, 0x00000000c7b80000, 0x00000000eab00000)
  object space 126464K, 99% used [0x00000000c0000000,0x00000000c7b25860,0x00000000c7b80000)
 Metaspace       used 67351K, committed 68736K, reserved 1114112K
  class space    used 6922K, committed 7552K, reserved 1048576K
}
Event: 55.481 GC heap before
{Heap before GC invocations=81 (full 3):
 PSYoungGen      total 12288K, used 12064K [0x00000000eab00000, 0x00000000eb980000, 0x0000000100000000)
  eden space 9728K, 100% used [0x00000000eab00000,0x00000000eb480000,0x00000000eb480000)
  from space 2560K, 91% used [0x00000000eb480000,0x00000000eb6c82c0,0x00000000eb700000)
  to   space 2560K, 0% used [0x00000000eb700000,0x00000000eb700000,0x00000000eb980000)
 ParOldGen       total 126464K, used 126102K [0x00000000c0000000, 0x00000000c7b80000, 0x00000000eab00000)
  object space 126464K, 99% used [0x00000000c0000000,0x00000000c7b25860,0x00000000c7b80000)
 Metaspace       used 67510K, committed 68864K, reserved 1114112K
  class space    used 6942K, committed 7552K, reserved 1048576K
}
Event: 55.484 GC heap after
{Heap after GC invocations=81 (full 3):
 PSYoungGen      total 12288K, used 2058K [0x00000000eab00000, 0x00000000eb980000, 0x0000000100000000)
  eden space 9728K, 0% used [0x00000000eab00000,0x00000000eab00000,0x00000000eb480000)
  from space 2560K, 80% used [0x00000000eb700000,0x00000000eb902be8,0x00000000eb980000)
  to   space 2560K, 0% used [0x00000000eb480000,0x00000000eb480000,0x00000000eb700000)
 ParOldGen       total 128512K, used 128281K [0x00000000c0000000, 0x00000000c7d80000, 0x00000000eab00000)
  object space 128512K, 99% used [0x00000000c0000000,0x00000000c7d46790,0x00000000c7d80000)
 Metaspace       used 67510K, committed 68864K, reserved 1114112K
  class space    used 6942K, committed 7552K, reserved 1048576K
}

Dll operation events (10 events):
Event: 0.054 Loaded shared library c:\Users\aidar\.vscode\extensions\redhat.java-1.39.0-win32-x64\jre\21.0.5-win32-x86_64\bin\java.dll
Event: 0.176 Loaded shared library c:\Users\aidar\.vscode\extensions\redhat.java-1.39.0-win32-x64\jre\21.0.5-win32-x86_64\bin\zip.dll
Event: 0.210 Loaded shared library C:\Users\aidar\.vscode\extensions\redhat.java-1.39.0-win32-x64\jre\21.0.5-win32-x86_64\bin\instrument.dll
Event: 0.220 Loaded shared library C:\Users\aidar\.vscode\extensions\redhat.java-1.39.0-win32-x64\jre\21.0.5-win32-x86_64\bin\net.dll
Event: 0.223 Loaded shared library C:\Users\aidar\.vscode\extensions\redhat.java-1.39.0-win32-x64\jre\21.0.5-win32-x86_64\bin\nio.dll
Event: 0.228 Loaded shared library C:\Users\aidar\.vscode\extensions\redhat.java-1.39.0-win32-x64\jre\21.0.5-win32-x86_64\bin\zip.dll
Event: 0.272 Loaded shared library C:\Users\aidar\.vscode\extensions\redhat.java-1.39.0-win32-x64\jre\21.0.5-win32-x86_64\bin\jimage.dll
Event: 0.497 Loaded shared library c:\Users\aidar\.vscode\extensions\redhat.java-1.39.0-win32-x64\jre\21.0.5-win32-x86_64\bin\verify.dll
Event: 15.532 Loaded shared library C:\Users\aidar\AppData\Roaming\Code\User\globalStorage\redhat.java\1.39.0\config_win\org.eclipse.equinox.launcher\org.eclipse.equinox.launcher.win32.win32.x86_64_1.2.1100.v20240722-2106\eclipse_11904.dll
Event: 33.922 Loaded shared library C:\Users\aidar\AppData\Local\Temp\jna-92808813\jna15870271794547561099.dll

Deoptimization events (20 events):
Event: 55.433 Thread 0x0000025e9c23bcb0 Uncommon trap: trap_request=0xffffffd6 fr.pc=0x0000025e4b0a2334 relative=0x0000000000000214
Event: 55.433 Thread 0x0000025e9c23bcb0 Uncommon trap: reason=array_check action=maybe_recompile pc=0x0000025e4b0a2334 method=java.util.HashMap.keysToArray([Ljava/lang/Object;)[Ljava/lang/Object; @ 62 c2
Event: 55.433 Thread 0x0000025e9c23bcb0 DEOPT PACKING pc=0x0000025e4b0a2334 sp=0x000000c2e67fd890
Event: 55.433 Thread 0x0000025e9c23bcb0 DEOPT UNPACKING pc=0x0000025e4a266da2 sp=0x000000c2e67fd808 mode 2
Event: 55.433 Thread 0x0000025e9c23bcb0 Uncommon trap: trap_request=0xffffffd6 fr.pc=0x0000025e4b0a2334 relative=0x0000000000000214
Event: 55.433 Thread 0x0000025e9c23bcb0 Uncommon trap: reason=array_check action=maybe_recompile pc=0x0000025e4b0a2334 method=java.util.HashMap.keysToArray([Ljava/lang/Object;)[Ljava/lang/Object; @ 62 c2
Event: 55.433 Thread 0x0000025e9c23bcb0 DEOPT PACKING pc=0x0000025e4b0a2334 sp=0x000000c2e67fd890
Event: 55.433 Thread 0x0000025e9c23bcb0 DEOPT UNPACKING pc=0x0000025e4a266da2 sp=0x000000c2e67fd808 mode 2
Event: 55.433 Thread 0x0000025e9c23bcb0 Uncommon trap: trap_request=0xffffffd6 fr.pc=0x0000025e4b0a2334 relative=0x0000000000000214
Event: 55.433 Thread 0x0000025e9c23bcb0 Uncommon trap: reason=array_check action=maybe_recompile pc=0x0000025e4b0a2334 method=java.util.HashMap.keysToArray([Ljava/lang/Object;)[Ljava/lang/Object; @ 62 c2
Event: 55.433 Thread 0x0000025e9c23bcb0 DEOPT PACKING pc=0x0000025e4b0a2334 sp=0x000000c2e67fd890
Event: 55.433 Thread 0x0000025e9c23bcb0 DEOPT UNPACKING pc=0x0000025e4a266da2 sp=0x000000c2e67fd808 mode 2
Event: 55.459 Thread 0x0000025e9c23bcb0 Uncommon trap: trap_request=0xffffff45 fr.pc=0x0000025e4b030c08 relative=0x0000000000000648
Event: 55.459 Thread 0x0000025e9c23bcb0 Uncommon trap: reason=unstable_if action=reinterpret pc=0x0000025e4b030c08 method=org.eclipse.aether.graph.Dependency$Exclusions.copy(Ljava/util/Collection;)Ljava/util/Set; @ 1 c2
Event: 55.459 Thread 0x0000025e9c23bcb0 DEOPT PACKING pc=0x0000025e4b030c08 sp=0x000000c2e67fd140
Event: 55.459 Thread 0x0000025e9c23bcb0 DEOPT UNPACKING pc=0x0000025e4a266da2 sp=0x000000c2e67fd0c8 mode 2
Event: 56.099 Thread 0x0000025e9fb5f4a0 Uncommon trap: trap_request=0xffffff45 fr.pc=0x0000025e4b027f94 relative=0x00000000000036b4
Event: 56.099 Thread 0x0000025e9fb5f4a0 Uncommon trap: reason=unstable_if action=reinterpret pc=0x0000025e4b027f94 method=org.codehaus.plexus.interpolation.util.StringUtils.capitalizeFirstLetter(Ljava/lang/String;)Ljava/lang/String; @ 13 c2
Event: 56.133 Thread 0x0000025e9fb5f4a0 DEOPT PACKING pc=0x0000025e4b027f94 sp=0x000000c2e90fdf20
Event: 56.133 Thread 0x0000025e9fb5f4a0 DEOPT UNPACKING pc=0x0000025e4a266da2 sp=0x000000c2e90fde38 mode 2

Classes loaded (20 events):
Event: 49.244 Loading class java/util/stream/Nodes$IntFixedNodeBuilder
Event: 49.245 Loading class java/util/stream/Node$Builder$OfInt
Event: 49.245 Loading class java/util/stream/Sink$OfInt
Event: 49.245 Loading class java/util/stream/Sink$OfInt done
Event: 49.245 Loading class java/util/stream/Node$Builder$OfInt done
Event: 49.245 Loading class java/util/stream/Nodes$IntArrayNode
Event: 49.246 Loading class java/util/stream/Nodes$IntArrayNode done
Event: 49.246 Loading class java/util/stream/Nodes$IntFixedNodeBuilder done
Event: 49.246 Loading class java/util/stream/ReferencePipeline$4$1
Event: 49.246 Loading class java/util/stream/ReferencePipeline$4$1 done
Event: 50.562 Loading class jdk/internal/module/IllegalAccessLogger
Event: 50.562 Loading class jdk/internal/module/IllegalAccessLogger done
Event: 53.987 Loading class java/util/stream/DistinctOps
Event: 53.987 Loading class java/util/stream/DistinctOps done
Event: 53.987 Loading class java/util/stream/DistinctOps$1
Event: 53.988 Loading class java/util/stream/DistinctOps$1 done
Event: 54.008 Loading class java/util/stream/DistinctOps$1$2
Event: 54.008 Loading class java/util/stream/DistinctOps$1$2 done
Event: 55.120 Loading class java/util/LinkedList$LLSpliterator
Event: 55.120 Loading class java/util/LinkedList$LLSpliterator done

Classes unloaded (7 events):
Event: 34.861 Thread 0x0000025e54603bd0 Unloading class 0x0000025e56194c00 'java/lang/invoke/LambdaForm$MH+0x0000025e56194c00'
Event: 34.861 Thread 0x0000025e54603bd0 Unloading class 0x0000025e56194800 'java/lang/invoke/LambdaForm$MH+0x0000025e56194800'
Event: 34.861 Thread 0x0000025e54603bd0 Unloading class 0x0000025e56194400 'java/lang/invoke/LambdaForm$MH+0x0000025e56194400'
Event: 34.861 Thread 0x0000025e54603bd0 Unloading class 0x0000025e56194000 'java/lang/invoke/LambdaForm$MH+0x0000025e56194000'
Event: 34.861 Thread 0x0000025e54603bd0 Unloading class 0x0000025e56193c00 'java/lang/invoke/LambdaForm$BMH+0x0000025e56193c00'
Event: 34.861 Thread 0x0000025e54603bd0 Unloading class 0x0000025e56193800 'java/lang/invoke/LambdaForm$DMH+0x0000025e56193800'
Event: 34.861 Thread 0x0000025e54603bd0 Unloading class 0x0000025e56192400 'java/lang/invoke/LambdaForm$DMH+0x0000025e56192400'

Classes redefined (0 events):
No events

Internal exceptions (20 events):
Event: 49.906 Thread 0x0000025e9fb5b990 Exception <a 'java/lang/NoSuchMethodError'{0x00000000ead767b8}: 'java.lang.Object java.lang.invoke.Invokers$Holder.linkToTargetMethod(java.lang.Object, java.lang.Object, java.lang.Object, int, java.lang.Object)'> (0x00000000ead767b8) 
thrown [s\src\hotspot\share\interpreter\linkResolver.cpp, line 773]
Event: 50.180 Thread 0x0000025e9c23bcb0 Exception <a 'sun/nio/fs/WindowsException'{0x00000000eac87258}> (0x00000000eac87258) 
thrown [s\src\hotspot\share\prims\jni.cpp, line 520]
Event: 50.181 Thread 0x0000025ea0a92570 Exception <a 'sun/nio/fs/WindowsException'{0x00000000eac8ae50}> (0x00000000eac8ae50) 
thrown [s\src\hotspot\share\prims\jni.cpp, line 520]
Event: 50.182 Thread 0x0000025ea0a92c00 Exception <a 'sun/nio/fs/WindowsException'{0x00000000eac8dff8}> (0x00000000eac8dff8) 
thrown [s\src\hotspot\share\prims\jni.cpp, line 520]
Event: 50.182 Thread 0x0000025ea0a94640 Exception <a 'sun/nio/fs/WindowsException'{0x00000000eac910c0}> (0x00000000eac910c0) 
thrown [s\src\hotspot\share\prims\jni.cpp, line 520]
Event: 50.182 Thread 0x0000025ea0a93fb0 Exception <a 'sun/nio/fs/WindowsException'{0x00000000eac971a8}> (0x00000000eac971a8) 
thrown [s\src\hotspot\share\prims\jni.cpp, line 520]
Event: 50.809 Thread 0x0000025e9c23bcb0 Exception <a 'sun/nio/fs/WindowsException'{0x00000000eadb46b8}> (0x00000000eadb46b8) 
thrown [s\src\hotspot\share\prims\jni.cpp, line 520]
Event: 50.809 Thread 0x0000025e9c23bcb0 Exception <a 'sun/nio/fs/WindowsException'{0x00000000eadb4d08}> (0x00000000eadb4d08) 
thrown [s\src\hotspot\share\prims\jni.cpp, line 520]
Event: 51.330 Thread 0x0000025e9c23bcb0 Exception <a 'java/lang/NoSuchMethodError'{0x00000000eafae420}: 'void java.lang.invoke.DirectMethodHandle$Holder.invokeVirtual(java.lang.Object, java.lang.Object, int)'> (0x00000000eafae420) 
thrown [s\src\hotspot\share\interpreter\linkResolver.cpp, line 773]
Event: 52.930 Thread 0x0000025e9c23bcb0 Exception <a 'java/lang/NoSuchMethodError'{0x00000000eb041e18}: 'void java.lang.invoke.DirectMethodHandle$Holder.invokeInterface(java.lang.Object, java.lang.Object)'> (0x00000000eb041e18) 
thrown [s\src\hotspot\share\interpreter\linkResolver.cpp, line 773]
Event: 54.010 Thread 0x0000025e9c23bcb0 Exception <a 'java/lang/NoSuchMethodError'{0x00000000eae7ac68}: 'java.lang.Object java.lang.invoke.DirectMethodHandle$Holder.newInvokeSpecial(java.lang.Object, java.lang.Object, int, java.lang.Object, java.lang.Object)'> (0x00000000eae7ac68) 
thrown [s\src\hotspot\share\interpreter\linkResolver.cpp, line 773]
Event: 54.010 Thread 0x0000025e9c23bcb0 Exception <a 'java/lang/NoSuchMethodError'{0x00000000eae97970}: 'java.lang.Object java.lang.invoke.Invokers$Holder.linkToTargetMethod(java.lang.Object, int, java.lang.Object, java.lang.Object, java.lang.Object)'> (0x00000000eae97970) 
thrown [s\src\hotspot\share\interpreter\linkResolver.cpp, line 773]
Event: 54.040 Thread 0x0000025e9c23bcb0 Exception <a 'java/lang/NoSuchMethodError'{0x00000000eb377318}: 'java.lang.Object java.lang.invoke.DirectMethodHandle$Holder.invokeSpecial(java.lang.Object, java.lang.Object, java.lang.Object, int, java.lang.Object, java.lang.Object, java.lang.Object)'> (0x00000000eb377318) 
thrown [s\src\hotspot\share\interpreter\linkResolver.cpp, line 773]
Event: 54.090 Thread 0x0000025e9c23bcb0 Exception <a 'java/lang/NoSuchMethodError'{0x00000000eaba0778}: 'java.lang.Object java.lang.invoke.DirectMethodHandle$Holder.invokeStatic(java.lang.Object, java.lang.Object, int, java.lang.Object, java.lang.Object)'> (0x00000000eaba0778) 
thrown [s\src\hotspot\share\interpreter\linkResolver.cpp, line 773]
Event: 54.092 Thread 0x0000025e9c23bcb0 Exception <a 'java/lang/NoSuchMethodError'{0x00000000eadb6a88}: 'java.lang.Object java.lang.invoke.DirectMethodHandle$Holder.newInvokeSpecial(java.lang.Object, java.lang.Object, int)'> (0x00000000eadb6a88) 
thrown [s\src\hotspot\share\interpreter\linkResolver.cpp, line 773]
Event: 54.122 Thread 0x0000025e9c23bcb0 Exception <a 'java/lang/NoSuchMethodError'{0x00000000eae35c08}: 'void java.lang.invoke.DirectMethodHandle$Holder.invokeStatic(java.lang.Object, int)'> (0x00000000eae35c08) 
thrown [s\src\hotspot\share\interpreter\linkResolver.cpp, line 773]
Event: 55.409 Thread 0x0000025e9c23bcb0 Exception <a 'java/io/FileNotFoundException'{0x00000000eb2877f0}> (0x00000000eb2877f0) 
thrown [s\src\hotspot\share\prims\jni.cpp, line 520]
Event: 55.409 Thread 0x0000025e9c23bcb0 Exception <a 'java/io/FileNotFoundException'{0x00000000eb288a90}> (0x00000000eb288a90) 
thrown [s\src\hotspot\share\prims\jni.cpp, line 520]
Event: 55.409 Thread 0x0000025e9c23bcb0 Exception <a 'java/io/FileNotFoundException'{0x00000000eb289e58}> (0x00000000eb289e58) 
thrown [s\src\hotspot\share\prims\jni.cpp, line 520]
Event: 55.459 Thread 0x0000025e9c23bcb0 Implicit null exception at 0x0000025e4b030615 to 0x0000025e4b030be8

ZGC Phase Switch (0 events):
No events

VM Operations (20 events):
Event: 53.732 Executing VM operation: ParallelGCFailedAllocation (Allocation Failure)
Event: 53.736 Executing VM operation: ParallelGCFailedAllocation (Allocation Failure) done
Event: 53.811 Executing VM operation: ParallelGCFailedAllocation (Allocation Failure)
Event: 53.815 Executing VM operation: ParallelGCFailedAllocation (Allocation Failure) done
Event: 53.959 Executing VM operation: ParallelGCFailedAllocation (Allocation Failure)
Event: 53.962 Executing VM operation: ParallelGCFailedAllocation (Allocation Failure) done
Event: 53.990 Executing VM operation: HandshakeAllThreads (Deoptimize)
Event: 54.008 Executing VM operation: HandshakeAllThreads (Deoptimize) done
Event: 54.057 Executing VM operation: ParallelGCFailedAllocation (Allocation Failure)
Event: 54.061 Executing VM operation: ParallelGCFailedAllocation (Allocation Failure) done
Event: 54.235 Executing VM operation: ParallelGCFailedAllocation (Allocation Failure)
Event: 54.239 Executing VM operation: ParallelGCFailedAllocation (Allocation Failure) done
Event: 54.744 Executing VM operation: ParallelGCFailedAllocation (Allocation Failure)
Event: 54.748 Executing VM operation: ParallelGCFailedAllocation (Allocation Failure) done
Event: 55.169 Executing VM operation: ParallelGCFailedAllocation (Allocation Failure)
Event: 55.172 Executing VM operation: ParallelGCFailedAllocation (Allocation Failure) done
Event: 55.467 Executing VM operation: ParallelGCFailedAllocation (Allocation Failure)
Event: 55.484 Executing VM operation: ParallelGCFailedAllocation (Allocation Failure) done
Event: 56.492 Executing VM operation: Cleanup
Event: 56.568 Executing VM operation: Cleanup done

Memory protections (0 events):
No events

Nmethod flushes (20 events):
Event: 46.299 Thread 0x0000025e54603bd0 flushing osr nmethod 0x0000025e43699410
Event: 46.299 Thread 0x0000025e54603bd0 flushing osr nmethod 0x0000025e436cb690
Event: 46.299 Thread 0x0000025e54603bd0 flushing  nmethod 0x0000025e436d3810
Event: 46.299 Thread 0x0000025e54603bd0 flushing  nmethod 0x0000025e436fb110
Event: 46.299 Thread 0x0000025e54603bd0 flushing  nmethod 0x0000025e436fb410
Event: 46.299 Thread 0x0000025e54603bd0 flushing  nmethod 0x0000025e43700e90
Event: 46.299 Thread 0x0000025e54603bd0 flushing  nmethod 0x0000025e43701c90
Event: 46.299 Thread 0x0000025e54603bd0 flushing  nmethod 0x0000025e43704010
Event: 46.299 Thread 0x0000025e54603bd0 flushing  nmethod 0x0000025e4370e990
Event: 46.299 Thread 0x0000025e54603bd0 flushing  nmethod 0x0000025e43717890
Event: 46.299 Thread 0x0000025e54603bd0 flushing  nmethod 0x0000025e4373fc10
Event: 46.299 Thread 0x0000025e54603bd0 flushing  nmethod 0x0000025e43741490
Event: 46.299 Thread 0x0000025e54603bd0 flushing  nmethod 0x0000025e43741a90
Event: 46.299 Thread 0x0000025e54603bd0 flushing  nmethod 0x0000025e43742310
Event: 46.299 Thread 0x0000025e54603bd0 flushing  nmethod 0x0000025e43743010
Event: 46.299 Thread 0x0000025e54603bd0 flushing  nmethod 0x0000025e43744210
Event: 46.299 Thread 0x0000025e54603bd0 flushing  nmethod 0x0000025e4374b010
Event: 46.299 Thread 0x0000025e54603bd0 flushing  nmethod 0x0000025e4374e910
Event: 46.299 Thread 0x0000025e54603bd0 flushing  nmethod 0x0000025e4375ef10
Event: 46.299 Thread 0x0000025e54603bd0 flushing  nmethod 0x0000025e43765610

Events (20 events):
Event: 48.889 Thread 0x0000025e9c23bcb0 Thread added: 0x0000025e9fb5a5e0
Event: 48.909 Thread 0x0000025e9c23bcb0 Thread added: 0x0000025e9fb5c020
Event: 48.929 Thread 0x0000025e9c23bcb0 Thread added: 0x0000025e9fb5c6b0
Event: 49.024 Thread 0x0000025e9c23bcb0 Thread added: 0x0000025e9fb5da60
Event: 52.942 Thread 0x0000025e9c23bcb0 Thread added: 0x0000025e9fb5ee10
Event: 52.942 Thread 0x0000025e9c23bcb0 Thread added: 0x0000025e9fb5f4a0
Event: 52.942 Thread 0x0000025e9c23bcb0 Thread added: 0x0000025e9fb5fb30
Event: 52.942 Thread 0x0000025e9c23bcb0 Thread added: 0x0000025e9fb58ba0
Event: 52.942 Thread 0x0000025e9c23bcb0 Thread added: 0x0000025e9fb601c0
Event: 53.792 Thread 0x0000025e9fb5f4a0 Thread exited: 0x0000025e9fb5f4a0
Event: 53.792 Thread 0x0000025e9fb5fb30 Thread exited: 0x0000025e9fb5fb30
Event: 53.792 Thread 0x0000025e9fb5ee10 Thread exited: 0x0000025e9fb5ee10
Event: 53.792 Thread 0x0000025e9fb601c0 Thread exited: 0x0000025e9fb601c0
Event: 53.792 Thread 0x0000025e9fb58ba0 Thread exited: 0x0000025e9fb58ba0
Event: 55.488 Thread 0x0000025e9c23bcb0 Thread added: 0x0000025e9fb598c0
Event: 55.489 Thread 0x0000025e9c23bcb0 Thread added: 0x0000025e9fb5f4a0
Event: 55.489 Thread 0x0000025e9c23bcb0 Thread added: 0x0000025e9fb5ee10
Event: 55.490 Thread 0x0000025e9c23bcb0 Thread added: 0x0000025e9fb59230
Event: 55.490 Thread 0x0000025e9c23bcb0 Thread added: 0x0000025e9fb5fb30
Event: 55.629 Thread 0x0000025e9c5b7910 Thread exited: 0x0000025e9c5b7910


Dynamic libraries:
0x00007ff6e6260000 - 0x00007ff6e626e000 	c:\Users\aidar\.vscode\extensions\redhat.java-1.39.0-win32-x64\jre\21.0.5-win32-x86_64\bin\java.exe
0x00007ffe2cfd0000 - 0x00007ffe2d1e7000 	C:\WINDOWS\SYSTEM32\ntdll.dll
0x00007ffe2b190000 - 0x00007ffe2b254000 	C:\WINDOWS\System32\KERNEL32.DLL
0x00007ffe2a900000 - 0x00007ffe2acba000 	C:\WINDOWS\System32\KERNELBASE.dll
0x00007ffe2a4a0000 - 0x00007ffe2a5b1000 	C:\WINDOWS\System32\ucrtbase.dll
0x00007ffe1bd50000 - 0x00007ffe1bd68000 	c:\Users\aidar\.vscode\extensions\redhat.java-1.39.0-win32-x64\jre\21.0.5-win32-x86_64\bin\jli.dll
0x00007ffe2b7e0000 - 0x00007ffe2b98e000 	C:\WINDOWS\System32\USER32.dll
0x00007ffe2a310000 - 0x00007ffe2a336000 	C:\WINDOWS\System32\win32u.dll
0x00007ffe2ae10000 - 0x00007ffe2ae39000 	C:\WINDOWS\System32\GDI32.dll
0x00007ffe2a730000 - 0x00007ffe2a84b000 	C:\WINDOWS\System32\gdi32full.dll
0x00007ffe2a340000 - 0x00007ffe2a3da000 	C:\WINDOWS\System32\msvcp_win.dll
0x00007ffe1b5b0000 - 0x00007ffe1b5ce000 	c:\Users\aidar\.vscode\extensions\redhat.java-1.39.0-win32-x64\jre\21.0.5-win32-x86_64\bin\VCRUNTIME140.dll
0x00007ffdf6580000 - 0x00007ffdf6812000 	C:\WINDOWS\WinSxS\amd64_microsoft.windows.common-controls_6595b64144ccf1df_6.0.22621.4541_none_2710d1c57384c085\COMCTL32.dll
0x00007ffe2cd30000 - 0x00007ffe2cdd7000 	C:\WINDOWS\System32\msvcrt.dll
0x00007ffe2c9e0000 - 0x00007ffe2ca11000 	C:\WINDOWS\System32\IMM32.DLL
0x00007ffe1f3f0000 - 0x00007ffe1f3fc000 	c:\Users\aidar\.vscode\extensions\redhat.java-1.39.0-win32-x64\jre\21.0.5-win32-x86_64\bin\vcruntime140_1.dll
0x00007ffdec870000 - 0x00007ffdec8fd000 	c:\Users\aidar\.vscode\extensions\redhat.java-1.39.0-win32-x64\jre\21.0.5-win32-x86_64\bin\msvcp140.dll
0x00007ffddac40000 - 0x00007ffddb9cf000 	c:\Users\aidar\.vscode\extensions\redhat.java-1.39.0-win32-x64\jre\21.0.5-win32-x86_64\bin\server\jvm.dll
0x00007ffe2cb20000 - 0x00007ffe2cbd2000 	C:\WINDOWS\System32\ADVAPI32.dll
0x00007ffe2b0e0000 - 0x00007ffe2b187000 	C:\WINDOWS\System32\sechost.dll
0x00007ffe2a8d0000 - 0x00007ffe2a8f8000 	C:\WINDOWS\System32\bcrypt.dll
0x00007ffe2ae40000 - 0x00007ffe2af54000 	C:\WINDOWS\System32\RPCRT4.dll
0x00007ffe2ad90000 - 0x00007ffe2ae01000 	C:\WINDOWS\System32\WS2_32.dll
0x00007ffe2a160000 - 0x00007ffe2a1ad000 	C:\WINDOWS\SYSTEM32\POWRPROF.dll
0x00007ffe24500000 - 0x00007ffe24534000 	C:\WINDOWS\SYSTEM32\WINMM.dll
0x00007ffe25440000 - 0x00007ffe2544a000 	C:\WINDOWS\SYSTEM32\VERSION.dll
0x00007ffe2a140000 - 0x00007ffe2a153000 	C:\WINDOWS\SYSTEM32\UMPDC.dll
0x00007ffe29290000 - 0x00007ffe292a8000 	C:\WINDOWS\SYSTEM32\kernel.appcore.dll
0x00007ffe1c4e0000 - 0x00007ffe1c4ea000 	c:\Users\aidar\.vscode\extensions\redhat.java-1.39.0-win32-x64\jre\21.0.5-win32-x86_64\bin\jimage.dll
0x00007ffe27010000 - 0x00007ffe27242000 	C:\WINDOWS\SYSTEM32\DBGHELP.DLL
0x00007ffe2b280000 - 0x00007ffe2b611000 	C:\WINDOWS\System32\combase.dll
0x00007ffe2cc50000 - 0x00007ffe2cd27000 	C:\WINDOWS\System32\OLEAUT32.dll
0x00007ffe1d040000 - 0x00007ffe1d072000 	C:\WINDOWS\SYSTEM32\dbgcore.DLL
0x00007ffe2a290000 - 0x00007ffe2a30b000 	C:\WINDOWS\System32\bcryptPrimitives.dll
0x00007ffe25af0000 - 0x00007ffe25aff000 	c:\Users\aidar\.vscode\extensions\redhat.java-1.39.0-win32-x64\jre\21.0.5-win32-x86_64\bin\instrument.dll
0x00007ffe1b320000 - 0x00007ffe1b33f000 	c:\Users\aidar\.vscode\extensions\redhat.java-1.39.0-win32-x64\jre\21.0.5-win32-x86_64\bin\java.dll
0x00007ffe2c160000 - 0x00007ffe2c9d9000 	C:\WINDOWS\System32\SHELL32.dll
0x00007ffe28180000 - 0x00007ffe28a89000 	C:\WINDOWS\SYSTEM32\windows.storage.dll
0x00007ffe28040000 - 0x00007ffe2817f000 	C:\WINDOWS\SYSTEM32\wintypes.dll
0x00007ffe2baf0000 - 0x00007ffe2bbea000 	C:\WINDOWS\System32\SHCORE.dll
0x00007ffe2c070000 - 0x00007ffe2c0ce000 	C:\WINDOWS\System32\shlwapi.dll
0x00007ffe2a1c0000 - 0x00007ffe2a1eb000 	C:\WINDOWS\SYSTEM32\profapi.dll
0x00007ffe1b280000 - 0x00007ffe1b298000 	c:\Users\aidar\.vscode\extensions\redhat.java-1.39.0-win32-x64\jre\21.0.5-win32-x86_64\bin\zip.dll
0x00007ffe1bd90000 - 0x00007ffe1bda0000 	C:\Users\aidar\.vscode\extensions\redhat.java-1.39.0-win32-x64\jre\21.0.5-win32-x86_64\bin\net.dll
0x00007ffe25720000 - 0x00007ffe25856000 	C:\WINDOWS\SYSTEM32\WINHTTP.dll
0x00007ffe29700000 - 0x00007ffe29769000 	C:\WINDOWS\system32\mswsock.dll
0x00007ffe1aa90000 - 0x00007ffe1aaa6000 	C:\Users\aidar\.vscode\extensions\redhat.java-1.39.0-win32-x64\jre\21.0.5-win32-x86_64\bin\nio.dll
0x00007ffe1b3f0000 - 0x00007ffe1b400000 	c:\Users\aidar\.vscode\extensions\redhat.java-1.39.0-win32-x64\jre\21.0.5-win32-x86_64\bin\verify.dll
0x00007ffdf0410000 - 0x00007ffdf0455000 	C:\Users\aidar\AppData\Roaming\Code\User\globalStorage\redhat.java\1.39.0\config_win\org.eclipse.equinox.launcher\org.eclipse.equinox.launcher.win32.win32.x86_64_1.2.1100.v20240722-2106\eclipse_11904.dll
0x00007ffe2cde0000 - 0x00007ffe2cf85000 	C:\WINDOWS\System32\ole32.dll
0x00007ffe29a50000 - 0x00007ffe29a6b000 	C:\WINDOWS\SYSTEM32\CRYPTSP.dll
0x00007ffe291f0000 - 0x00007ffe29225000 	C:\WINDOWS\system32\rsaenh.dll
0x00007ffe297a0000 - 0x00007ffe297c8000 	C:\WINDOWS\SYSTEM32\USERENV.dll
0x00007ffe29a30000 - 0x00007ffe29a3c000 	C:\WINDOWS\SYSTEM32\CRYPTBASE.dll
0x00007ffe28d30000 - 0x00007ffe28d5d000 	C:\WINDOWS\SYSTEM32\IPHLPAPI.DLL
0x00007ffe2b9e0000 - 0x00007ffe2b9e9000 	C:\WINDOWS\System32\NSI.dll
0x00007ffdedf50000 - 0x00007ffdedf99000 	C:\Users\aidar\AppData\Local\Temp\jna-92808813\jna15870271794547561099.dll
0x00007ffe2cbe0000 - 0x00007ffe2cbe8000 	C:\WINDOWS\System32\PSAPI.DLL
0x00007ffe249b0000 - 0x00007ffe249c9000 	C:\WINDOWS\SYSTEM32\dhcpcsvc6.DLL
0x00007ffe24740000 - 0x00007ffe2475f000 	C:\WINDOWS\SYSTEM32\dhcpcsvc.DLL

dbghelp: loaded successfully - version: 4.0.5 - missing functions: none
symbol engine: initialized successfully - sym options: 0x614 - pdb path: .;c:\Users\aidar\.vscode\extensions\redhat.java-1.39.0-win32-x64\jre\21.0.5-win32-x86_64\bin;C:\WINDOWS\SYSTEM32;C:\WINDOWS\WinSxS\amd64_microsoft.windows.common-controls_6595b64144ccf1df_6.0.22621.4541_none_2710d1c57384c085;c:\Users\aidar\.vscode\extensions\redhat.java-1.39.0-win32-x64\jre\21.0.5-win32-x86_64\bin\server;C:\Users\aidar\AppData\Roaming\Code\User\globalStorage\redhat.java\1.39.0\config_win\org.eclipse.equinox.launcher\org.eclipse.equinox.launcher.win32.win32.x86_64_1.2.1100.v20240722-2106;C:\Users\aidar\AppData\Local\Temp\jna-92808813

VM Arguments:
jvm_args: --add-modules=ALL-SYSTEM --add-opens=java.base/java.util=ALL-UNNAMED --add-opens=java.base/java.lang=ALL-UNNAMED --add-opens=java.base/sun.nio.fs=ALL-UNNAMED -Declipse.application=org.eclipse.jdt.ls.core.id1 -Dosgi.bundles.defaultStartLevel=4 -Declipse.product=org.eclipse.jdt.ls.core.product -Djava.import.generatesMetadataFilesAtProjectRoot=false -DDetectVMInstallationsJob.disabled=true -Dfile.encoding=utf8 -XX:+UseParallelGC -XX:GCTimeRatio=4 -XX:AdaptiveSizePolicyWeight=90 -Dsun.zip.disableMemoryMapping=true -Xmx1G -Xms100m -Xlog:disable -javaagent:c:\Users\aidar\.vscode\extensions\redhat.java-1.39.0-win32-x64\lombok\lombok-1.18.34.jar -XX:+HeapDumpOnOutOfMemoryError -XX:HeapDumpPath=c:\Users\aidar\AppData\Roaming\Code\User\workspaceStorage\f207d6dbd43796d9c36e6fb64529134f\redhat.java -Daether.dependencyCollector.impl=bf 
java_command: c:\Users\aidar\.vscode\extensions\redhat.java-1.39.0-win32-x64\server\plugins\org.eclipse.equinox.launcher_1.6.900.v20240613-2009.jar -configuration c:\Users\aidar\AppData\Roaming\Code\User\globalStorage\redhat.java\1.39.0\config_win -data c:\Users\aidar\AppData\Roaming\Code\User\workspaceStorage\f207d6dbd43796d9c36e6fb64529134f\redhat.java\jdt_ws --pipe=\\.\pipe\lsp-ed7919e77ba2e2bff10892f1a965ea2f-sock
java_class_path (initial): c:\Users\aidar\.vscode\extensions\redhat.java-1.39.0-win32-x64\server\plugins\org.eclipse.equinox.launcher_1.6.900.v20240613-2009.jar
Launcher Type: SUN_STANDARD

[Global flags]
    uintx AdaptiveSizePolicyWeight                 = 90                                        {product} {command line}
     intx CICompilerCount                          = 4                                         {product} {ergonomic}
    uintx GCTimeRatio                              = 4                                         {product} {command line}
     bool HeapDumpOnOutOfMemoryError               = true                                   {manageable} {command line}
    ccstr HeapDumpPath                             = c:\Users\aidar\AppData\Roaming\Code\User\workspaceStorage\f207d6dbd43796d9c36e6fb64529134f\redhat.java         {manageable} {command line}
   size_t InitialHeapSize                          = 104857600                                 {product} {command line}
   size_t MaxHeapSize                              = 1073741824                                {product} {command line}
   size_t MaxNewSize                               = 357564416                                 {product} {ergonomic}
   size_t MinHeapDeltaBytes                        = 524288                                    {product} {ergonomic}
   size_t MinHeapSize                              = 104857600                                 {product} {command line}
   size_t NewSize                                  = 34603008                                  {product} {ergonomic}
    uintx NonNMethodCodeHeapSize                   = 5839372                                {pd product} {ergonomic}
    uintx NonProfiledCodeHeapSize                  = 122909434                              {pd product} {ergonomic}
   size_t OldSize                                  = 70254592                                  {product} {ergonomic}
    uintx ProfiledCodeHeapSize                     = 122909434                              {pd product} {ergonomic}
    uintx ReservedCodeCacheSize                    = 251658240                              {pd product} {ergonomic}
     bool SegmentedCodeCache                       = true                                      {product} {ergonomic}
   size_t SoftMaxHeapSize                          = 1073741824                             {manageable} {ergonomic}
     bool UseCompressedOops                        = true                           {product lp64_product} {ergonomic}
     bool UseLargePagesIndividualAllocation        = false                                  {pd product} {ergonomic}
     bool UseParallelGC                            = true                                      {product} {command line}

Logging:
Log output configuration:
 #0: stdout all=off uptime,level,tags foldmultilines=false
 #1: stderr all=off uptime,level,tags foldmultilines=false

Environment Variables:
JAVA_HOME=C:\Program Files\java\jdk-17.0.11
PATH=C:\Python312\Scripts\;C:\Python312\;C:\WINDOWS\system32;C:\WINDOWS;C:\WINDOWS\System32\Wbem;C:\WINDOWS\System32\WindowsPowerShell\v1.0\;C:\WINDOWS\System32\OpenSSH\;C:\Program Files\Git\cmd;C:\xampp\php;C:\ProgramData\ComposerSetup\bin;C:\ProgramData\chocolatey\bin;C:\Program Files\java\jdk-17.0.11\bin;C:\Program Files\Maven\apache-maven-3.9.9\bin;C:\Program Files\java\jdk-23\bin;C:\Program Files\Docker\Docker\resources\bin;C:\Program Files\MongoDB\Server\8.0\bin;C:\Program Files\nodejs\;C:\Users\aidar\AppData\Local\Microsoft\WindowsApps;C:\Users\aidar\AppData\Local\Programs\Microsoft VS Code\bin;C:\Users\aidar\AppData\Roaming\Composer\vendor\bin;C:\Users\aidar\AppData\Local\Microsoft\WinGet\Packages\Schniz.fnm_Microsoft.Winget.Source_8wekyb3d8bbwe;;C:\Program Files\JetBrains\IntelliJ IDEA 2022.2.5\bin;;C:\Program Files\JetBrains\IntelliJ IDEA Community Edition 2024.2.1\bin;;C:\Users\aidar\AppData\Roaming\npm
USERNAME=aidar
OS=Windows_NT
PROCESSOR_IDENTIFIER=Intel64 Family 6 Model 140 Stepping 1, GenuineIntel
TMP=C:\Users\aidar\AppData\Local\Temp
TEMP=C:\Users\aidar\AppData\Local\Temp




Periodic native trim disabled

---------------  S Y S T E M  ---------------

OS:
 Windows 11 , 64 bit Build 22621 (10.0.22621.4391)
OS uptime: 14 days 5:05 hours
Hyper-V role detected

CPU: total 8 (initial active 8) (4 cores per cpu, 2 threads per core) family 6 model 140 stepping 1 microcode 0xb8, cx8, cmov, fxsr, ht, mmx, 3dnowpref, sse, sse2, sse3, ssse3, sse4.1, sse4.2, popcnt, lzcnt, tsc, tscinvbit, avx, avx2, aes, erms, clmul, bmi1, bmi2, adx, avx512f, avx512dq, avx512cd, avx512bw, avx512vl, sha, fma, vzeroupper, avx512_vpopcntdq, avx512_vpclmulqdq, avx512_vaes, avx512_vnni, clflush, clflushopt, clwb, avx512_vbmi2, avx512_vbmi, hv, rdtscp, rdpid, fsrm, gfni, avx512_bitalg, f16c, cet_ibt, cet_ss, avx512_ifma
Processor Information for all 8 processors :
  Max Mhz: 1498, Current Mhz: 1498, Mhz Limit: 1498

Memory: 4k page, system-wide physical 15761M (321M free)
TotalPageFile size 46158M (AvailPageFile size 4M)
current process WorkingSet (physical memory assigned to process): 380M, peak: 411M
current process commit charge ("private bytes"): 401M, peak: 429M

vm_info: OpenJDK 64-Bit Server VM (21.0.5+11-LTS) for windows-amd64 JRE (21.0.5+11-LTS), built on 2024-10-15T00:00:00Z by "admin" with MS VC++ 17.7 (VS2022)

END.
