#
# There is insufficient memory for the Java Runtime Environment to continue.
# Native memory allocation (malloc) failed to allocate 1552176 bytes. Error detail: Chunk::new
# Possible reasons:
#   The system is out of physical RAM or swap space
#   This process is running with CompressedOops enabled, and the Java Heap may be blocking the growth of the native heap
# Possible solutions:
#   Reduce memory load on the system
#   Increase physical memory or swap space
#   Check if swap backing store is full
#   Decrease Java heap size (-Xmx/-Xms)
#   Decrease number of Java threads
#   Decrease Java thread stack sizes (-Xss)
#   Set larger code cache with -XX:ReservedCodeCacheSize=
#   JVM is running with Unscaled Compressed Oops mode in which the Java heap is
#     placed in the first 4GB address space. The Java Heap base address is the
#     maximum limit for the native heap growth. Please use -XX:HeapBaseMinAddress
#     to set the Java Heap base and to place the Java Heap above 4GB virtual address.
# This output file may be truncated or incomplete.
#
#  Out of Memory Error (arena.cpp:168), pid=33496, tid=27700
#
# JRE version: OpenJDK Runtime Environment Temurin-21.0.5+11 (21.0.5+11) (build 21.0.5+11-LTS)
# Java VM: OpenJDK 64-Bit Server VM Temurin-21.0.5+11 (21.0.5+11-LTS, mixed mode, sharing, tiered, compressed oops, compressed class ptrs, parallel gc, windows-amd64)
# No core dump will be written. Minidumps are not enabled by default on client versions of Windows
#

---------------  S U M M A R Y ------------

Command Line: --add-modules=ALL-SYSTEM --add-opens=java.base/java.util=ALL-UNNAMED --add-opens=java.base/java.lang=ALL-UNNAMED --add-opens=java.base/sun.nio.fs=ALL-UNNAMED -Declipse.application=org.eclipse.jdt.ls.core.id1 -Dosgi.bundles.defaultStartLevel=4 -Declipse.product=org.eclipse.jdt.ls.core.product -Djava.import.generatesMetadataFilesAtProjectRoot=false -DDetectVMInstallationsJob.disabled=true -Dfile.encoding=utf8 -XX:+UseParallelGC -XX:GCTimeRatio=4 -XX:AdaptiveSizePolicyWeight=90 -Dsun.zip.disableMemoryMapping=true -Xmx1G -Xms100m -Xlog:disable -javaagent:c:\Users\aidar\.vscode\extensions\redhat.java-1.39.0-win32-x64\lombok\lombok-1.18.34.jar -XX:+HeapDumpOnOutOfMemoryError -XX:HeapDumpPath=c:\Users\aidar\AppData\Roaming\Code\User\workspaceStorage\f207d6dbd43796d9c36e6fb64529134f\redhat.java -Daether.dependencyCollector.impl=bf c:\Users\aidar\.vscode\extensions\redhat.java-1.39.0-win32-x64\server\plugins\org.eclipse.equinox.launcher_1.6.900.v20240613-2009.jar -configuration c:\Users\aidar\AppData\Roaming\Code\User\globalStorage\redhat.java\1.39.0\config_win -data c:\Users\aidar\AppData\Roaming\Code\User\workspaceStorage\f207d6dbd43796d9c36e6fb64529134f\redhat.java\jdt_ws --pipe=\\.\pipe\lsp-ac6e8f0dc8a673626724f29447ac1b6a-sock

Host: 11th Gen Intel(R) Core(TM) i5-1145G7 @ 2.60GHz, 8 cores, 15G,  Windows 11 , 64 bit Build 22621 (10.0.22621.4391)
Time: Wed Jan 29 20:29:47 2025 Maroc (heure d64 bit Build 22621 (10.0.22621.4391) elapsed time: 30359.234140 seconds (0d 8h 25m 59s)

---------------  T H R E A D  ---------------

Current thread (0x000002233bc32cf0):  JavaThread "C2 CompilerThread0" daemon [_thread_in_native, id=27700, stack(0x0000005871000000,0x0000005871100000) (1024K)]


Current CompileTask:
C2:30359234 21364       4       org.eclipse.jdt.internal.compiler.parser.Parser::consumeRule (7871 bytes)

Stack: [0x0000005871000000,0x0000005871100000]
Native frames: (J=compiled Java code, j=interpreted, Vv=VM code, C=native code)
V  [jvm.dll+0x6cd4e9]
V  [jvm.dll+0x8a7941]
V  [jvm.dll+0x8a9e6e]
V  [jvm.dll+0x8aa543]
V  [jvm.dll+0x27f6d6]
V  [jvm.dll+0xc500d]
V  [jvm.dll+0xc5543]
V  [jvm.dll+0x3b65d2]
V  [jvm.dll+0x382835]
V  [jvm.dll+0x381c9a]
V  [jvm.dll+0x2479d0]
V  [jvm.dll+0x246faf]
V  [jvm.dll+0x1c75ce]
V  [jvm.dll+0x25682a]
V  [jvm.dll+0x254dca]
V  [jvm.dll+0x3f00d6]
V  [jvm.dll+0x8514fb]
V  [jvm.dll+0x6cbbed]
C  [ucrtbase.dll+0x29333]
C  [KERNEL32.DLL+0x1259d]
C  [ntdll.dll+0x5af38]


---------------  P R O C E S S  ---------------

Threads class SMR info:
_java_thread_list=0x00000223084c6ef0, length=43, elements={
0x00000223277050b0, 0x000002233bc183c0, 0x00000223277be150, 0x000002233bc1c520,
0x000002233bc1f880, 0x000002233bc20ff0, 0x000002233bc30bb0, 0x000002233bc32cf0,
0x000002233bc34840, 0x000002237e846910, 0x000002237eacdde0, 0x000002237efeb540,
0x00000223041c75d0, 0x000002237f036d10, 0x000002237ec9baa0, 0x00000223040b9080,
0x000002230424b7f0, 0x00000223040ba5a0, 0x00000223040bbfe0, 0x00000223040bd390,
0x00000223040bb950, 0x00000223040bc670, 0x00000223050e8700, 0x00000223050e9ab0,
0x00000223050e9420, 0x00000223050e8d90, 0x00000223050ed5c0, 0x00000223050ea7d0,
0x00000223050edc50, 0x00000223050ee2e0, 0x00000223050eae60, 0x00000223050ea140,
0x00000223045a2090, 0x00000223045a0650, 0x00000223045a0ce0, 0x00000223045a3440,
0x00000223045a4e80, 0x00000223045a2720, 0x000002230459def0, 0x00000223045a3ad0,
0x000002230459e580, 0x000002230459f930, 0x0000022308841d80
}

Java Threads: ( => current thread )
  0x00000223277050b0 JavaThread "main"                              [_thread_blocked, id=30596, stack(0x0000005870600000,0x0000005870700000) (1024K)]
  0x000002233bc183c0 JavaThread "Reference Handler"          daemon [_thread_blocked, id=30460, stack(0x0000005870a00000,0x0000005870b00000) (1024K)]
  0x00000223277be150 JavaThread "Finalizer"                  daemon [_thread_blocked, id=21468, stack(0x0000005870b00000,0x0000005870c00000) (1024K)]
  0x000002233bc1c520 JavaThread "Signal Dispatcher"          daemon [_thread_blocked, id=26648, stack(0x0000005870c00000,0x0000005870d00000) (1024K)]
  0x000002233bc1f880 JavaThread "Attach Listener"            daemon [_thread_blocked, id=34556, stack(0x0000005870d00000,0x0000005870e00000) (1024K)]
  0x000002233bc20ff0 JavaThread "Service Thread"             daemon [_thread_blocked, id=34428, stack(0x0000005870e00000,0x0000005870f00000) (1024K)]
  0x000002233bc30bb0 JavaThread "Monitor Deflation Thread"   daemon [_thread_blocked, id=27296, stack(0x0000005870f00000,0x0000005871000000) (1024K)]
=>0x000002233bc32cf0 JavaThread "C2 CompilerThread0"         daemon [_thread_in_native, id=27700, stack(0x0000005871000000,0x0000005871100000) (1024K)]
  0x000002233bc34840 JavaThread "C1 CompilerThread0"         daemon [_thread_blocked, id=5588, stack(0x0000005871100000,0x0000005871200000) (1024K)]
  0x000002237e846910 JavaThread "Common-Cleaner"             daemon [_thread_blocked, id=32748, stack(0x0000005871200000,0x0000005871300000) (1024K)]
  0x000002237eacdde0 JavaThread "Notification Thread"        daemon [_thread_blocked, id=29908, stack(0x0000005871400000,0x0000005871500000) (1024K)]
  0x000002237efeb540 JavaThread "Active Thread: Equinox Container: db09006e-2ba3-4bda-8bac-f3df361d7dba"        [_thread_blocked, id=7576, stack(0x0000005871b00000,0x0000005871c00000) (1024K)]
  0x00000223041c75d0 JavaThread "Refresh Thread: Equinox Container: db09006e-2ba3-4bda-8bac-f3df361d7dba" daemon [_thread_blocked, id=26000, stack(0x0000005871c00000,0x0000005871d00000) (1024K)]
  0x000002237f036d10 JavaThread "Framework Event Dispatcher: Equinox Container: db09006e-2ba3-4bda-8bac-f3df361d7dba" daemon [_thread_blocked, id=30864, stack(0x0000005871d00000,0x0000005871e00000) (1024K)]
  0x000002237ec9baa0 JavaThread "Start Level: Equinox Container: db09006e-2ba3-4bda-8bac-f3df361d7dba" daemon [_thread_blocked, id=34576, stack(0x0000005871f00000,0x0000005872000000) (1024K)]
  0x00000223040b9080 JavaThread "Bundle File Closer"         daemon [_thread_blocked, id=21120, stack(0x0000005872000000,0x0000005872100000) (1024K)]
  0x000002230424b7f0 JavaThread "SCR Component Actor"        daemon [_thread_blocked, id=31492, stack(0x0000005871300000,0x0000005871400000) (1024K)]
  0x00000223040ba5a0 JavaThread "Worker-JM"                         [_thread_blocked, id=29476, stack(0x0000005872300000,0x0000005872400000) (1024K)]
  0x00000223040bbfe0 JavaThread "Java indexing"              daemon [_thread_blocked, id=17776, stack(0x0000005872600000,0x0000005872700000) (1024K)]
  0x00000223040bd390 JavaThread "JNA Cleaner"                daemon [_thread_blocked, id=11276, stack(0x0000005872200000,0x0000005872300000) (1024K)]
  0x00000223040bb950 JavaThread "Thread-2"                   daemon [_thread_in_native, id=13300, stack(0x0000005872c00000,0x0000005872d00000) (1024K)]
  0x00000223040bc670 JavaThread "Thread-3"                   daemon [_thread_in_native, id=33896, stack(0x0000005872d00000,0x0000005872e00000) (1024K)]
  0x00000223050e8700 JavaThread "Thread-4"                   daemon [_thread_in_native, id=14184, stack(0x0000005872e00000,0x0000005872f00000) (1024K)]
  0x00000223050e9ab0 JavaThread "Thread-5"                   daemon [_thread_in_native, id=33744, stack(0x0000005872f00000,0x0000005873000000) (1024K)]
  0x00000223050e9420 JavaThread "Thread-6"                   daemon [_thread_in_native, id=33500, stack(0x0000005873000000,0x0000005873100000) (1024K)]
  0x00000223050e8d90 JavaThread "Thread-7"                   daemon [_thread_in_native, id=30084, stack(0x0000005873100000,0x0000005873200000) (1024K)]
  0x00000223050ed5c0 JavaThread "Thread-8"                   daemon [_thread_in_native, id=28556, stack(0x0000005873200000,0x0000005873300000) (1024K)]
  0x00000223050ea7d0 JavaThread "Thread-9"                   daemon [_thread_in_native, id=26448, stack(0x0000005873300000,0x0000005873400000) (1024K)]
  0x00000223050edc50 JavaThread "Thread-10"                  daemon [_thread_in_native, id=1860, stack(0x0000005873400000,0x0000005873500000) (1024K)]
  0x00000223050ee2e0 JavaThread "pool-2-thread-1"                   [_thread_blocked, id=31868, stack(0x0000005873500000,0x0000005873600000) (1024K)]
  0x00000223050eae60 JavaThread "WorkspaceEventsHandler"            [_thread_blocked, id=26276, stack(0x0000005873800000,0x0000005873900000) (1024K)]
  0x00000223050ea140 JavaThread "pool-1-thread-1"                   [_thread_blocked, id=22948, stack(0x0000005873900000,0x0000005873a00000) (1024K)]
  0x00000223045a2090 JavaThread "Worker-53"                         [_thread_blocked, id=34272, stack(0x0000005872500000,0x0000005872600000) (1024K)]
  0x00000223045a0650 JavaThread "Worker-54"                         [_thread_blocked, id=30292, stack(0x0000005870300000,0x0000005870400000) (1024K)]
  0x00000223045a0ce0 JavaThread "ForkJoinPool.commonPool-worker-12" daemon [_thread_blocked, id=14124, stack(0x0000005870400000,0x0000005870500000) (1024K)]
  0x00000223045a3440 JavaThread "ForkJoinPool.commonPool-worker-15" daemon [_thread_blocked, id=33144, stack(0x0000005872400000,0x0000005872500000) (1024K)]
  0x00000223045a4e80 JavaThread "ForkJoinPool.commonPool-worker-16" daemon [_thread_blocked, id=32996, stack(0x0000005872700000,0x0000005872800000) (1024K)]
  0x00000223045a2720 JavaThread "ForkJoinPool.commonPool-worker-17" daemon [_thread_in_vm, id=22684, stack(0x0000005872900000,0x0000005872a00000) (1024K)]
  0x000002230459def0 JavaThread "ForkJoinPool.commonPool-worker-18" daemon [_thread_blocked, id=10764, stack(0x0000005873600000,0x0000005873700000) (1024K)]
  0x00000223045a3ad0 JavaThread "Worker-57"                         [_thread_blocked, id=17560, stack(0x0000005870500000,0x0000005870600000) (1024K)]
  0x000002230459e580 JavaThread "ForkJoinPool.commonPool-worker-19" daemon [_thread_blocked, id=22552, stack(0x0000005872100000,0x0000005872200000) (1024K)]
  0x000002230459f930 JavaThread "ForkJoinPool.commonPool-worker-20" daemon [_thread_blocked, id=3652, stack(0x0000005872800000,0x0000005872900000) (1024K)]
  0x0000022308841d80 JavaThread "C2 CompilerThread1"         daemon [_thread_in_native, id=32784, stack(0x0000005872a00000,0x0000005872b00000) (1024K)]
Total: 43

Other Threads:
  0x00000223277a5de0 VMThread "VM Thread"                           [id=10960, stack(0x0000005870900000,0x0000005870a00000) (1024K)]
  0x000002232776fd10 WatcherThread "VM Periodic Task Thread"        [id=24156, stack(0x0000005870800000,0x0000005870900000) (1024K)]
  0x0000022327723510 WorkerThread "GC Thread#0"                     [id=33892, stack(0x0000005870700000,0x0000005870800000) (1024K)]
  0x000002237ed822e0 WorkerThread "GC Thread#1"                     [id=12624, stack(0x0000005871500000,0x0000005871600000) (1024K)]
  0x000002237eaf29d0 WorkerThread "GC Thread#2"                     [id=31740, stack(0x0000005871600000,0x0000005871700000) (1024K)]
  0x000002237eaf2d70 WorkerThread "GC Thread#3"                     [id=28436, stack(0x0000005871700000,0x0000005871800000) (1024K)]
  0x000002237eaf3110 WorkerThread "GC Thread#4"                     [id=29900, stack(0x0000005871800000,0x0000005871900000) (1024K)]
  0x000002237eaf38c0 WorkerThread "GC Thread#5"                     [id=4368, stack(0x0000005871900000,0x0000005871a00000) (1024K)]
  0x000002237ef31db0 WorkerThread "GC Thread#6"                     [id=28616, stack(0x0000005871a00000,0x0000005871b00000) (1024K)]
  0x000002237f0382b0 WorkerThread "GC Thread#7"                     [id=19280, stack(0x0000005871e00000,0x0000005871f00000) (1024K)]
Total: 10

Threads with active compile tasks:
C2 CompilerThread0  30359278 21364       4       org.eclipse.jdt.internal.compiler.parser.Parser::consumeRule (7871 bytes)
C2 CompilerThread1  30359278 21264   !   4       org.eclipse.jdt.internal.compiler.lookup.BinaryTypeBinding::cachePartsFrom2 (2063 bytes)
Total: 2

VM state: not at safepoint (normal execution)

VM Mutex/Monitor currently owned by a thread: None

Heap address: 0x00000000c0000000, size: 1024 MB, Compressed Oops mode: 32-bit

CDS archive(s) mapped at: [0x000002233c000000-0x000002233cba0000-0x000002233cba0000), size 12189696, SharedBaseAddress: 0x000002233c000000, ArchiveRelocationMode: 1.
Compressed class space mapped at: 0x000002233d000000-0x000002237d000000, reserved size: 1073741824
Narrow klass base: 0x000002233c000000, Narrow klass shift: 0, Narrow klass range: 0x100000000

GC Precious Log:
 CardTable entry size: 512
 CPUs: 8 total, 8 available
 Memory: 15761M
 Large Page Support: Disabled
 NUMA Support: Disabled
 Compressed Oops: Enabled (32-bit)
 Alignments: Space 512K, Generation 512K, Heap 2M
 Heap Min Capacity: 100M
 Heap Initial Capacity: 100M
 Heap Max Capacity: 1G
 Pre-touch: Disabled
 Parallel Workers: 8

Heap:
 PSYoungGen      total 2560K, used 2351K [0x00000000eab00000, 0x00000000eaf00000, 0x0000000100000000)
  eden space 2048K, 91% used [0x00000000eab00000,0x00000000eacd3db8,0x00000000ead00000)
  from space 512K, 93% used [0x00000000eae80000,0x00000000eaef8000,0x00000000eaf00000)
  to   space 512K, 0% used [0x00000000eae00000,0x00000000eae00000,0x00000000eae80000)
 ParOldGen       total 548352K, used 548076K [0x00000000c0000000, 0x00000000e1780000, 0x00000000eab00000)
  object space 548352K, 99% used [0x00000000c0000000,0x00000000e173b3c8,0x00000000e1780000)
 Metaspace       used 85466K, committed 87104K, reserved 1179648K
  class space    used 8586K, committed 9344K, reserved 1048576K

Card table byte_map: [0x00000223270a0000,0x00000223272b0000] _byte_map_base: 0x0000022326aa0000

Marking Bits: (ParMarkBitMap*) 0x00007ffddb8f2250
 Begin Bits: [0x0000022339a50000, 0x000002233aa50000)
 End Bits:   [0x000002233aa50000, 0x000002233ba50000)

Polling page: 0x00000223256e0000

Metaspace:

Usage:
  Non-class:     75.08 MB used.
      Class:      8.38 MB used.
       Both:     83.46 MB used.

Virtual space:
  Non-class space:      128.00 MB reserved,      75.94 MB ( 59%) committed,  2 nodes.
      Class space:        1.00 GB reserved,       9.12 MB ( <1%) committed,  1 nodes.
             Both:        1.12 GB reserved,      85.06 MB (  7%) committed. 

Chunk freelists:
   Non-Class:  3.22 MB
       Class:  6.92 MB
        Both:  10.14 MB

MaxMetaspaceSize: unlimited
CompressedClassSpaceSize: 1.00 GB
Initial GC threshold: 21.00 MB
Current GC threshold: 135.75 MB
CDS: on
 - commit_granule_bytes: 65536.
 - commit_granule_words: 8192.
 - virtual_space_node_default_size: 8388608.
 - enlarge_chunks_in_place: 1.
 - use_allocation_guard: 0.


Internal statistics:

num_allocs_failed_limit: 9.
num_arena_births: 1716.
num_arena_deaths: 508.
num_vsnodes_births: 3.
num_vsnodes_deaths: 0.
num_space_committed: 1360.
num_space_uncommitted: 0.
num_chunks_returned_to_freelist: 638.
num_chunks_taken_from_freelist: 5785.
num_chunk_merges: 167.
num_chunk_splits: 3362.
num_chunks_enlarged: 1956.
num_inconsistent_stats: 0.

CodeHeap 'non-profiled nmethods': size=120000Kb used=12228Kb max_used=15308Kb free=107771Kb
 bounds [0x0000022332520000, 0x0000022333420000, 0x0000022339a50000]
CodeHeap 'profiled nmethods': size=120000Kb used=24061Kb max_used=38065Kb free=95938Kb
 bounds [0x000002232aa50000, 0x000002232cfa0000, 0x0000022331f80000]
CodeHeap 'non-nmethods': size=5760Kb used=1538Kb max_used=1617Kb free=4221Kb
 bounds [0x0000022331f80000, 0x00000223321f0000, 0x0000022332520000]
 total_blobs=11144 nmethods=10288 adapters=757
 compilation: enabled
              stopped_count=0, restarted_count=0
 full_count=0

Compilation events (20 events):
Event: 30359.195 Thread 0x000002233bc34840 nmethod 21390 0x000002232aea3c10 code [0x000002232aea4080, 0x000002232aea5d78]
Event: 30359.195 Thread 0x000002233bc34840 21393       3       java.lang.invoke.DirectMethodHandle::checkInitialized (28 bytes)
Event: 30359.196 Thread 0x000002233bc34840 nmethod 21393 0x000002232b975610 code [0x000002232b975820, 0x000002232b975cc0]
Event: 30359.196 Thread 0x000002233bc34840 21391       3       java.util.PropertyResourceBundle::handleGetObject (23 bytes)
Event: 30359.196 Thread 0x000002233bc34840 nmethod 21391 0x000002232b975090 code [0x000002232b975260, 0x000002232b975530]
Event: 30359.196 Thread 0x000002233bc34840 21389       1       java.lang.invoke.MemberName::getDeclaringClass (5 bytes)
Event: 30359.196 Thread 0x000002233bc34840 nmethod 21389 0x0000022332b2c190 code [0x0000022332b2c320, 0x0000022332b2c3e8]
Event: 30359.196 Thread 0x000002233bc34840 21394       3       java.lang.invoke.LambdaForm$MH/0x000002233d8e4800::invoke (35 bytes)
Event: 30359.198 Thread 0x000002233bc34840 nmethod 21394 0x000002232b974690 code [0x000002232b974880, 0x000002232b974ef0]
Event: 30359.204 Thread 0x000002233bc34840 21395   !   3       org.eclipse.jdt.internal.core.util.DeduplicationUtil::intern (61 bytes)
Event: 30359.205 Thread 0x000002233bc34840 nmethod 21395 0x000002232b973b90 code [0x000002232b973d80, 0x000002232b974388]
Event: 30359.205 Thread 0x000002233bc34840 21396       3       org.eclipse.jdt.internal.core.BinaryMember::<init> (8 bytes)
Event: 30359.209 Thread 0x000002233bc34840 nmethod 21396 0x000002232bc59590 code [0x000002232bc59780, 0x000002232bc59b70]
Event: 30359.209 Thread 0x000002233bc34840 21397       3       org.eclipse.jdt.internal.core.BinaryMethod::<init> (28 bytes)
Event: 30359.210 Thread 0x000002233bc34840 nmethod 21397 0x000002232bc58f10 code [0x000002232bc590e0, 0x000002232bc59410]
Event: 30359.210 Thread 0x000002233bc34840 21398       3       org.eclipse.jdt.internal.compiler.SourceElementNotifier::visitIfNeeded (94 bytes)
Event: 30359.211 Thread 0x000002233bc34840 nmethod 21398 0x000002232bc58410 code [0x000002232bc58600, 0x000002232bc58cb8]
Event: 30359.213 Thread 0x000002233bc34840 21399       3       org.eclipse.jdt.core.SourceRange::<init> (15 bytes)
Event: 30359.213 Thread 0x000002233bc34840 nmethod 21399 0x000002232c6a5510 code [0x000002232c6a56c0, 0x000002232c6a5830]
Event: 30359.227 Thread 0x000002233bc34840 21400       2       org.eclipse.jdt.internal.core.JavaModel::isFile (13 bytes)

GC Heap History (20 events):
Event: 30358.503 GC heap before
{Heap before GC invocations=1822 (full 9):
 PSYoungGen      total 2560K, used 2388K [0x00000000eab00000, 0x00000000eaf00000, 0x0000000100000000)
  eden space 2048K, 100% used [0x00000000eab00000,0x00000000ead00000,0x00000000ead00000)
  from space 512K, 66% used [0x00000000eae80000,0x00000000eaed5200,0x00000000eaf00000)
  to   space 512K, 0% used [0x00000000eae00000,0x00000000eae00000,0x00000000eae80000)
 ParOldGen       total 545792K, used 545567K [0x00000000c0000000, 0x00000000e1500000, 0x00000000eab00000)
  object space 545792K, 99% used [0x00000000c0000000,0x00000000e14c7ca0,0x00000000e1500000)
 Metaspace       used 84179K, committed 85696K, reserved 1179648K
  class space    used 8457K, committed 9152K, reserved 1048576K
}
Event: 30358.512 GC heap after
{Heap after GC invocations=1822 (full 9):
 PSYoungGen      total 2560K, used 512K [0x00000000eab00000, 0x00000000eaf00000, 0x0000000100000000)
  eden space 2048K, 0% used [0x00000000eab00000,0x00000000eab00000,0x00000000ead00000)
  from space 512K, 100% used [0x00000000eae00000,0x00000000eae80000,0x00000000eae80000)
  to   space 512K, 0% used [0x00000000eae80000,0x00000000eae80000,0x00000000eaf00000)
 ParOldGen       total 546304K, used 545896K [0x00000000c0000000, 0x00000000e1580000, 0x00000000eab00000)
  object space 546304K, 99% used [0x00000000c0000000,0x00000000e151a130,0x00000000e1580000)
 Metaspace       used 84179K, committed 85696K, reserved 1179648K
  class space    used 8457K, committed 9152K, reserved 1048576K
}
Event: 30358.527 GC heap before
{Heap before GC invocations=1823 (full 9):
 PSYoungGen      total 2560K, used 2560K [0x00000000eab00000, 0x00000000eaf00000, 0x0000000100000000)
  eden space 2048K, 100% used [0x00000000eab00000,0x00000000ead00000,0x00000000ead00000)
  from space 512K, 100% used [0x00000000eae00000,0x00000000eae80000,0x00000000eae80000)
  to   space 512K, 0% used [0x00000000eae80000,0x00000000eae80000,0x00000000eaf00000)
 ParOldGen       total 546304K, used 545896K [0x00000000c0000000, 0x00000000e1580000, 0x00000000eab00000)
  object space 546304K, 99% used [0x00000000c0000000,0x00000000e151a130,0x00000000e1580000)
 Metaspace       used 84182K, committed 85696K, reserved 1179648K
  class space    used 8458K, committed 9152K, reserved 1048576K
}
Event: 30358.529 GC heap after
{Heap after GC invocations=1823 (full 9):
 PSYoungGen      total 2560K, used 320K [0x00000000eab00000, 0x00000000eaf00000, 0x0000000100000000)
  eden space 2048K, 0% used [0x00000000eab00000,0x00000000eab00000,0x00000000ead00000)
  from space 512K, 62% used [0x00000000eae80000,0x00000000eaed0000,0x00000000eaf00000)
  to   space 512K, 0% used [0x00000000eae00000,0x00000000eae00000,0x00000000eae80000)
 ParOldGen       total 546304K, used 546276K [0x00000000c0000000, 0x00000000e1580000, 0x00000000eab00000)
  object space 546304K, 99% used [0x00000000c0000000,0x00000000e1579140,0x00000000e1580000)
 Metaspace       used 84182K, committed 85696K, reserved 1179648K
  class space    used 8458K, committed 9152K, reserved 1048576K
}
Event: 30358.561 GC heap before
{Heap before GC invocations=1824 (full 9):
 PSYoungGen      total 2560K, used 2368K [0x00000000eab00000, 0x00000000eaf00000, 0x0000000100000000)
  eden space 2048K, 100% used [0x00000000eab00000,0x00000000ead00000,0x00000000ead00000)
  from space 512K, 62% used [0x00000000eae80000,0x00000000eaed0000,0x00000000eaf00000)
  to   space 512K, 0% used [0x00000000eae00000,0x00000000eae00000,0x00000000eae80000)
 ParOldGen       total 546304K, used 546276K [0x00000000c0000000, 0x00000000e1580000, 0x00000000eab00000)
  object space 546304K, 99% used [0x00000000c0000000,0x00000000e1579140,0x00000000e1580000)
 Metaspace       used 84195K, committed 85760K, reserved 1179648K
  class space    used 8459K, committed 9216K, reserved 1048576K
}
Event: 30358.562 GC heap after
{Heap after GC invocations=1824 (full 9):
 PSYoungGen      total 2560K, used 404K [0x00000000eab00000, 0x00000000eaf00000, 0x0000000100000000)
  eden space 2048K, 0% used [0x00000000eab00000,0x00000000eab00000,0x00000000ead00000)
  from space 512K, 79% used [0x00000000eae00000,0x00000000eae65200,0x00000000eae80000)
  to   space 512K, 0% used [0x00000000eae80000,0x00000000eae80000,0x00000000eaf00000)
 ParOldGen       total 546816K, used 546480K [0x00000000c0000000, 0x00000000e1600000, 0x00000000eab00000)
  object space 546816K, 99% used [0x00000000c0000000,0x00000000e15ac150,0x00000000e1600000)
 Metaspace       used 84195K, committed 85760K, reserved 1179648K
  class space    used 8459K, committed 9216K, reserved 1048576K
}
Event: 30358.591 GC heap before
{Heap before GC invocations=1825 (full 9):
 PSYoungGen      total 2560K, used 2452K [0x00000000eab00000, 0x00000000eaf00000, 0x0000000100000000)
  eden space 2048K, 100% used [0x00000000eab00000,0x00000000ead00000,0x00000000ead00000)
  from space 512K, 79% used [0x00000000eae00000,0x00000000eae65200,0x00000000eae80000)
  to   space 512K, 0% used [0x00000000eae80000,0x00000000eae80000,0x00000000eaf00000)
 ParOldGen       total 546816K, used 546480K [0x00000000c0000000, 0x00000000e1600000, 0x00000000eab00000)
  object space 546816K, 99% used [0x00000000c0000000,0x00000000e15ac150,0x00000000e1600000)
 Metaspace       used 84213K, committed 85824K, reserved 1179648K
  class space    used 8461K, committed 9216K, reserved 1048576K
}
Event: 30358.594 GC heap after
{Heap after GC invocations=1825 (full 9):
 PSYoungGen      total 2560K, used 512K [0x00000000eab00000, 0x00000000eaf00000, 0x0000000100000000)
  eden space 2048K, 0% used [0x00000000eab00000,0x00000000eab00000,0x00000000ead00000)
  from space 512K, 100% used [0x00000000eae80000,0x00000000eaf00000,0x00000000eaf00000)
  to   space 1024K, 0% used [0x00000000ead00000,0x00000000ead00000,0x00000000eae00000)
 ParOldGen       total 546816K, used 546772K [0x00000000c0000000, 0x00000000e1600000, 0x00000000eab00000)
  object space 546816K, 99% used [0x00000000c0000000,0x00000000e15f5350,0x00000000e1600000)
 Metaspace       used 84213K, committed 85824K, reserved 1179648K
  class space    used 8461K, committed 9216K, reserved 1048576K
}
Event: 30358.604 GC heap before
{Heap before GC invocations=1826 (full 9):
 PSYoungGen      total 2560K, used 2560K [0x00000000eab00000, 0x00000000eaf00000, 0x0000000100000000)
  eden space 2048K, 100% used [0x00000000eab00000,0x00000000ead00000,0x00000000ead00000)
  from space 512K, 100% used [0x00000000eae80000,0x00000000eaf00000,0x00000000eaf00000)
  to   space 1024K, 0% used [0x00000000ead00000,0x00000000ead00000,0x00000000eae00000)
 ParOldGen       total 546816K, used 546772K [0x00000000c0000000, 0x00000000e1600000, 0x00000000eab00000)
  object space 546816K, 99% used [0x00000000c0000000,0x00000000e15f5350,0x00000000e1600000)
 Metaspace       used 84218K, committed 85824K, reserved 1179648K
  class space    used 8461K, committed 9216K, reserved 1048576K
}
Event: 30358.610 GC heap after
{Heap after GC invocations=1826 (full 9):
 PSYoungGen      total 3072K, used 320K [0x00000000eab00000, 0x00000000eaf00000, 0x0000000100000000)
  eden space 2048K, 0% used [0x00000000eab00000,0x00000000eab00000,0x00000000ead00000)
  from space 1024K, 31% used [0x00000000ead00000,0x00000000ead50000,0x00000000eae00000)
  to   space 512K, 0% used [0x00000000eae80000,0x00000000eae80000,0x00000000eaf00000)
 ParOldGen       total 547328K, used 547164K [0x00000000c0000000, 0x00000000e1680000, 0x00000000eab00000)
  object space 547328K, 99% used [0x00000000c0000000,0x00000000e1657360,0x00000000e1680000)
 Metaspace       used 84218K, committed 85824K, reserved 1179648K
  class space    used 8461K, committed 9216K, reserved 1048576K
}
Event: 30358.669 GC heap before
{Heap before GC invocations=1827 (full 9):
 PSYoungGen      total 3072K, used 2368K [0x00000000eab00000, 0x00000000eaf00000, 0x0000000100000000)
  eden space 2048K, 100% used [0x00000000eab00000,0x00000000ead00000,0x00000000ead00000)
  from space 1024K, 31% used [0x00000000ead00000,0x00000000ead50000,0x00000000eae00000)
  to   space 512K, 0% used [0x00000000eae80000,0x00000000eae80000,0x00000000eaf00000)
 ParOldGen       total 547328K, used 547164K [0x00000000c0000000, 0x00000000e1680000, 0x00000000eab00000)
  object space 547328K, 99% used [0x00000000c0000000,0x00000000e1657360,0x00000000e1680000)
 Metaspace       used 84291K, committed 85888K, reserved 1179648K
  class space    used 8467K, committed 9216K, reserved 1048576K
}
Event: 30358.672 GC heap after
{Heap after GC invocations=1827 (full 9):
 PSYoungGen      total 2560K, used 478K [0x00000000eab00000, 0x00000000eaf00000, 0x0000000100000000)
  eden space 2048K, 0% used [0x00000000eab00000,0x00000000eab00000,0x00000000ead00000)
  from space 512K, 93% used [0x00000000eae80000,0x00000000eaef7a50,0x00000000eaf00000)
  to   space 512K, 0% used [0x00000000eae00000,0x00000000eae00000,0x00000000eae80000)
 ParOldGen       total 547840K, used 547372K [0x00000000c0000000, 0x00000000e1700000, 0x00000000eab00000)
  object space 547840K, 99% used [0x00000000c0000000,0x00000000e168b380,0x00000000e1700000)
 Metaspace       used 84291K, committed 85888K, reserved 1179648K
  class space    used 8467K, committed 9216K, reserved 1048576K
}
Event: 30358.800 GC heap before
{Heap before GC invocations=1828 (full 9):
 PSYoungGen      total 2560K, used 2514K [0x00000000eab00000, 0x00000000eaf00000, 0x0000000100000000)
  eden space 2048K, 99% used [0x00000000eab00000,0x00000000eacfcdd0,0x00000000ead00000)
  from space 512K, 93% used [0x00000000eae80000,0x00000000eaef7a50,0x00000000eaf00000)
  to   space 512K, 0% used [0x00000000eae00000,0x00000000eae00000,0x00000000eae80000)
 ParOldGen       total 547840K, used 547372K [0x00000000c0000000, 0x00000000e1700000, 0x00000000eab00000)
  object space 547840K, 99% used [0x00000000c0000000,0x00000000e168b380,0x00000000e1700000)
 Metaspace       used 84686K, committed 86208K, reserved 1179648K
  class space    used 8510K, committed 9216K, reserved 1048576K
}
Event: 30358.803 GC heap after
{Heap after GC invocations=1828 (full 9):
 PSYoungGen      total 2560K, used 288K [0x00000000eab00000, 0x00000000eaf00000, 0x0000000100000000)
  eden space 2048K, 0% used [0x00000000eab00000,0x00000000eab00000,0x00000000ead00000)
  from space 512K, 56% used [0x00000000eae00000,0x00000000eae48000,0x00000000eae80000)
  to   space 512K, 0% used [0x00000000eae80000,0x00000000eae80000,0x00000000eaf00000)
 ParOldGen       total 547840K, used 547596K [0x00000000c0000000, 0x00000000e1700000, 0x00000000eab00000)
  object space 547840K, 99% used [0x00000000c0000000,0x00000000e16c3380,0x00000000e1700000)
 Metaspace       used 84686K, committed 86208K, reserved 1179648K
  class space    used 8510K, committed 9216K, reserved 1048576K
}
Event: 30358.965 GC heap before
{Heap before GC invocations=1829 (full 9):
 PSYoungGen      total 2560K, used 2304K [0x00000000eab00000, 0x00000000eaf00000, 0x0000000100000000)
  eden space 2048K, 98% used [0x00000000eab00000,0x00000000eacf8248,0x00000000ead00000)
  from space 512K, 56% used [0x00000000eae00000,0x00000000eae48000,0x00000000eae80000)
  to   space 512K, 0% used [0x00000000eae80000,0x00000000eae80000,0x00000000eaf00000)
 ParOldGen       total 547840K, used 547596K [0x00000000c0000000, 0x00000000e1700000, 0x00000000eab00000)
  object space 547840K, 99% used [0x00000000c0000000,0x00000000e16c3380,0x00000000e1700000)
 Metaspace       used 84915K, committed 86528K, reserved 1179648K
  class space    used 8530K, committed 9280K, reserved 1048576K
}
Event: 30358.969 GC heap after
{Heap after GC invocations=1829 (full 9):
 PSYoungGen      total 2560K, used 352K [0x00000000eab00000, 0x00000000eaf00000, 0x0000000100000000)
  eden space 2048K, 0% used [0x00000000eab00000,0x00000000eab00000,0x00000000ead00000)
  from space 512K, 68% used [0x00000000eae80000,0x00000000eaed8020,0x00000000eaf00000)
  to   space 512K, 0% used [0x00000000eae00000,0x00000000eae00000,0x00000000eae80000)
 ParOldGen       total 547840K, used 547721K [0x00000000c0000000, 0x00000000e1700000, 0x00000000eab00000)
  object space 547840K, 99% used [0x00000000c0000000,0x00000000e16e2600,0x00000000e1700000)
 Metaspace       used 84915K, committed 86528K, reserved 1179648K
  class space    used 8530K, committed 9280K, reserved 1048576K
}
Event: 30359.113 GC heap before
{Heap before GC invocations=1830 (full 9):
 PSYoungGen      total 2560K, used 2400K [0x00000000eab00000, 0x00000000eaf00000, 0x0000000100000000)
  eden space 2048K, 100% used [0x00000000eab00000,0x00000000ead00000,0x00000000ead00000)
  from space 512K, 68% used [0x00000000eae80000,0x00000000eaed8020,0x00000000eaf00000)
  to   space 512K, 0% used [0x00000000eae00000,0x00000000eae00000,0x00000000eae80000)
 ParOldGen       total 547840K, used 547721K [0x00000000c0000000, 0x00000000e1700000, 0x00000000eab00000)
  object space 547840K, 99% used [0x00000000c0000000,0x00000000e16e2600,0x00000000e1700000)
 Metaspace       used 85184K, committed 86784K, reserved 1179648K
  class space    used 8550K, committed 9280K, reserved 1048576K
}
Event: 30359.117 GC heap after
{Heap after GC invocations=1830 (full 9):
 PSYoungGen      total 2560K, used 323K [0x00000000eab00000, 0x00000000eaf00000, 0x0000000100000000)
  eden space 2048K, 0% used [0x00000000eab00000,0x00000000eab00000,0x00000000ead00000)
  from space 512K, 63% used [0x00000000eae00000,0x00000000eae50da8,0x00000000eae80000)
  to   space 512K, 0% used [0x00000000eae80000,0x00000000eae80000,0x00000000eaf00000)
 ParOldGen       total 548352K, used 547897K [0x00000000c0000000, 0x00000000e1780000, 0x00000000eab00000)
  object space 548352K, 99% used [0x00000000c0000000,0x00000000e170e620,0x00000000e1780000)
 Metaspace       used 85184K, committed 86784K, reserved 1179648K
  class space    used 8550K, committed 9280K, reserved 1048576K
}
Event: 30359.206 GC heap before
{Heap before GC invocations=1831 (full 9):
 PSYoungGen      total 2560K, used 2371K [0x00000000eab00000, 0x00000000eaf00000, 0x0000000100000000)
  eden space 2048K, 100% used [0x00000000eab00000,0x00000000ead00000,0x00000000ead00000)
  from space 512K, 63% used [0x00000000eae00000,0x00000000eae50da8,0x00000000eae80000)
  to   space 512K, 0% used [0x00000000eae80000,0x00000000eae80000,0x00000000eaf00000)
 ParOldGen       total 548352K, used 547897K [0x00000000c0000000, 0x00000000e1780000, 0x00000000eab00000)
  object space 548352K, 99% used [0x00000000c0000000,0x00000000e170e620,0x00000000e1780000)
 Metaspace       used 85230K, committed 86784K, reserved 1179648K
  class space    used 8562K, committed 9280K, reserved 1048576K
}
Event: 30359.209 GC heap after
{Heap after GC invocations=1831 (full 9):
 PSYoungGen      total 2560K, used 480K [0x00000000eab00000, 0x00000000eaf00000, 0x0000000100000000)
  eden space 2048K, 0% used [0x00000000eab00000,0x00000000eab00000,0x00000000ead00000)
  from space 512K, 93% used [0x00000000eae80000,0x00000000eaef8000,0x00000000eaf00000)
  to   space 512K, 0% used [0x00000000eae00000,0x00000000eae00000,0x00000000eae80000)
 ParOldGen       total 548352K, used 548076K [0x00000000c0000000, 0x00000000e1780000, 0x00000000eab00000)
  object space 548352K, 99% used [0x00000000c0000000,0x00000000e173b3c8,0x00000000e1780000)
 Metaspace       used 85230K, committed 86784K, reserved 1179648K
  class space    used 8562K, committed 9280K, reserved 1048576K
}

Dll operation events (14 events):
Event: 0.048 Loaded shared library c:\Users\aidar\.vscode\extensions\redhat.java-1.39.0-win32-x64\jre\21.0.5-win32-x86_64\bin\java.dll
Event: 0.160 Loaded shared library c:\Users\aidar\.vscode\extensions\redhat.java-1.39.0-win32-x64\jre\21.0.5-win32-x86_64\bin\zip.dll
Event: 0.188 Loaded shared library C:\Users\aidar\.vscode\extensions\redhat.java-1.39.0-win32-x64\jre\21.0.5-win32-x86_64\bin\instrument.dll
Event: 0.195 Loaded shared library C:\Users\aidar\.vscode\extensions\redhat.java-1.39.0-win32-x64\jre\21.0.5-win32-x86_64\bin\net.dll
Event: 0.198 Loaded shared library C:\Users\aidar\.vscode\extensions\redhat.java-1.39.0-win32-x64\jre\21.0.5-win32-x86_64\bin\nio.dll
Event: 0.201 Loaded shared library C:\Users\aidar\.vscode\extensions\redhat.java-1.39.0-win32-x64\jre\21.0.5-win32-x86_64\bin\zip.dll
Event: 0.229 Loaded shared library C:\Users\aidar\.vscode\extensions\redhat.java-1.39.0-win32-x64\jre\21.0.5-win32-x86_64\bin\jimage.dll
Event: 0.339 Loaded shared library c:\Users\aidar\.vscode\extensions\redhat.java-1.39.0-win32-x64\jre\21.0.5-win32-x86_64\bin\verify.dll
Event: 9.211 Loaded shared library C:\Users\aidar\AppData\Roaming\Code\User\globalStorage\redhat.java\1.39.0\config_win\org.eclipse.equinox.launcher\org.eclipse.equinox.launcher.win32.win32.x86_64_1.2.1100.v20240722-2106\eclipse_11904.dll
Event: 21.867 Loaded shared library C:\Users\aidar\.vscode\extensions\redhat.java-1.39.0-win32-x64\jre\21.0.5-win32-x86_64\bin\management.dll
Event: 21.869 Loaded shared library C:\Users\aidar\.vscode\extensions\redhat.java-1.39.0-win32-x64\jre\21.0.5-win32-x86_64\bin\management_ext.dll
Event: 23.084 Loaded shared library C:\Users\aidar\AppData\Local\Temp\jna-92808813\jna10643986630506251938.dll
Event: 23.524 Loaded shared library C:\Users\aidar\.vscode\extensions\redhat.java-1.39.0-win32-x64\jre\21.0.5-win32-x86_64\bin\sunmscapi.dll
Event: 23.742 Loaded shared library C:\Users\aidar\.vscode\extensions\redhat.java-1.39.0-win32-x64\jre\21.0.5-win32-x86_64\bin\extnet.dll

Deoptimization events (20 events):
Event: 30359.137 Thread 0x00000223045a4e80 DEOPT UNPACKING pc=0x0000022331fd6da2 sp=0x00000058727fe118 mode 2
Event: 30359.138 Thread 0x00000223050ea140 Uncommon trap: reason=array_check action=maybe_recompile pc=0x00000223330a21c0 method=com.google.gson.internal.$Gson$Types$ParameterizedTypeImpl.<init>(Ljava/lang/reflect/Type;Ljava/lang/reflect/Type;[Ljava/lang/reflect/Type;)V @ 136 c2
Event: 30359.138 Thread 0x00000223050ea140 DEOPT PACKING pc=0x00000223330a21c0 sp=0x00000058739feb10
Event: 30359.138 Thread 0x00000223050ea140 DEOPT UNPACKING pc=0x0000022331fd6da2 sp=0x00000058739fe9f0 mode 2
Event: 30359.139 Thread 0x00000223045a4e80 Uncommon trap: trap_request=0xffffffde fr.pc=0x0000022332e52834 relative=0x0000000000000cb4
Event: 30359.139 Thread 0x00000223045a4e80 Uncommon trap: reason=class_check action=maybe_recompile pc=0x0000022332e52834 method=lombok.eclipse.EclipseNode.traverse(Llombok/eclipse/EclipseASTVisitor;)V @ 580 c2
Event: 30359.144 Thread 0x00000223045a4e80 DEOPT PACKING pc=0x0000022332e52834 sp=0x00000058727fda10
Event: 30359.144 Thread 0x00000223045a4e80 DEOPT UNPACKING pc=0x0000022331fd6da2 sp=0x00000058727fd9a8 mode 2
Event: 30359.144 Thread 0x00000223045a4e80 Uncommon trap: trap_request=0xffffffde fr.pc=0x0000022332e52834 relative=0x0000000000000cb4
Event: 30359.144 Thread 0x00000223045a4e80 Uncommon trap: reason=class_check action=maybe_recompile pc=0x0000022332e52834 method=lombok.eclipse.EclipseNode.traverse(Llombok/eclipse/EclipseASTVisitor;)V @ 580 c2
Event: 30359.144 Thread 0x00000223045a4e80 DEOPT PACKING pc=0x0000022332e52834 sp=0x00000058727fda10
Event: 30359.144 Thread 0x00000223045a4e80 DEOPT UNPACKING pc=0x0000022331fd6da2 sp=0x00000058727fd9a8 mode 2
Event: 30359.144 Thread 0x00000223045a4e80 Uncommon trap: trap_request=0xffffffde fr.pc=0x0000022332e52834 relative=0x0000000000000cb4
Event: 30359.144 Thread 0x00000223045a4e80 Uncommon trap: reason=class_check action=maybe_recompile pc=0x0000022332e52834 method=lombok.eclipse.EclipseNode.traverse(Llombok/eclipse/EclipseASTVisitor;)V @ 580 c2
Event: 30359.144 Thread 0x00000223045a4e80 DEOPT PACKING pc=0x0000022332e52834 sp=0x00000058727fda10
Event: 30359.144 Thread 0x00000223045a4e80 DEOPT UNPACKING pc=0x0000022331fd6da2 sp=0x00000058727fd9a8 mode 2
Event: 30359.144 Thread 0x00000223045a4e80 Uncommon trap: trap_request=0xffffffde fr.pc=0x0000022332e52834 relative=0x0000000000000cb4
Event: 30359.144 Thread 0x00000223045a4e80 Uncommon trap: reason=class_check action=maybe_recompile pc=0x0000022332e52834 method=lombok.eclipse.EclipseNode.traverse(Llombok/eclipse/EclipseASTVisitor;)V @ 580 c2
Event: 30359.145 Thread 0x00000223045a4e80 DEOPT PACKING pc=0x0000022332e52834 sp=0x00000058727fda10
Event: 30359.145 Thread 0x00000223045a4e80 DEOPT UNPACKING pc=0x0000022331fd6da2 sp=0x00000058727fd9a8 mode 2

Classes loaded (20 events):
Event: 24436.203 Loading class jdk/internal/module/IllegalAccessLogger
Event: 24436.203 Loading class jdk/internal/module/IllegalAccessLogger done
Event: 24454.948 Loading class jdk/internal/module/IllegalAccessLogger
Event: 24454.948 Loading class jdk/internal/module/IllegalAccessLogger done
Event: 24509.418 Loading class jdk/internal/module/IllegalAccessLogger
Event: 24509.418 Loading class jdk/internal/module/IllegalAccessLogger done
Event: 24514.789 Loading class jdk/internal/module/IllegalAccessLogger
Event: 24514.789 Loading class jdk/internal/module/IllegalAccessLogger done
Event: 24634.923 Loading class jdk/internal/module/IllegalAccessLogger
Event: 24634.923 Loading class jdk/internal/module/IllegalAccessLogger done
Event: 24686.750 Loading class jdk/internal/module/IllegalAccessLogger
Event: 24686.750 Loading class jdk/internal/module/IllegalAccessLogger done
Event: 30168.653 Loading class jdk/internal/event/SecurityPropertyModificationEvent
Event: 30168.671 Loading class jdk/internal/event/SecurityPropertyModificationEvent done
Event: 30168.944 Loading class java/util/zip/CheckedInputStream
Event: 30168.948 Loading class java/util/zip/CheckedInputStream done
Event: 30169.386 Loading class java/util/zip/GZIPInputStream$1
Event: 30169.392 Loading class java/util/zip/GZIPInputStream$1 done
Event: 30357.901 Loading class java/lang/UnsupportedClassVersionError
Event: 30357.901 Loading class java/lang/UnsupportedClassVersionError done

Classes unloaded (20 events):
Event: 23821.176 Thread 0x00000223277a5de0 Unloading class 0x000002233d59b000 'jdk/internal/reflect/GeneratedSerializationConstructorAccessor53'
Event: 23821.176 Thread 0x00000223277a5de0 Unloading class 0x000002233d5a8000 'jdk/internal/reflect/GeneratedSerializationConstructorAccessor52'
Event: 23821.176 Thread 0x00000223277a5de0 Unloading class 0x000002233d5bc000 'jdk/internal/reflect/GeneratedSerializationConstructorAccessor51'
Event: 23821.177 Thread 0x00000223277a5de0 Unloading class 0x000002233d5bcc00 'jdk/internal/reflect/GeneratedSerializationConstructorAccessor50'
Event: 23821.177 Thread 0x00000223277a5de0 Unloading class 0x000002233d5bd000 'jdk/internal/reflect/GeneratedSerializationConstructorAccessor49'
Event: 23821.177 Thread 0x00000223277a5de0 Unloading class 0x000002233d608400 'jdk/internal/reflect/GeneratedSerializationConstructorAccessor48'
Event: 23821.178 Thread 0x00000223277a5de0 Unloading class 0x000002233d608c00 'java/lang/invoke/LambdaForm$MH+0x000002233d608c00'
Event: 23821.178 Thread 0x00000223277a5de0 Unloading class 0x000002233d609000 'java/lang/invoke/LambdaForm$MH+0x000002233d609000'
Event: 23821.178 Thread 0x00000223277a5de0 Unloading class 0x000002233d620c00 'jdk/internal/reflect/GeneratedSerializationConstructorAccessor47'
Event: 23821.178 Thread 0x00000223277a5de0 Unloading class 0x000002233d621800 'jdk/internal/reflect/GeneratedSerializationConstructorAccessor46'
Event: 23821.178 Thread 0x00000223277a5de0 Unloading class 0x000002233d623000 'jdk/internal/reflect/GeneratedSerializationConstructorAccessor45'
Event: 23821.179 Thread 0x00000223277a5de0 Unloading class 0x000002233d6bcc00 'jdk/internal/reflect/GeneratedSerializationConstructorAccessor44'
Event: 23821.179 Thread 0x00000223277a5de0 Unloading class 0x000002233d6bd400 'jdk/internal/reflect/GeneratedSerializationConstructorAccessor43'
Event: 23821.179 Thread 0x00000223277a5de0 Unloading class 0x000002233d704800 'jdk/internal/reflect/GeneratedSerializationConstructorAccessor42'
Event: 23821.179 Thread 0x00000223277a5de0 Unloading class 0x000002233d705800 'jdk/internal/reflect/GeneratedSerializationConstructorAccessor41'
Event: 23821.179 Thread 0x00000223277a5de0 Unloading class 0x000002233d720000 'jdk/internal/reflect/GeneratedSerializationConstructorAccessor40'
Event: 23821.179 Thread 0x00000223277a5de0 Unloading class 0x000002233d740000 'jdk/internal/reflect/GeneratedSerializationConstructorAccessor39'
Event: 23821.179 Thread 0x00000223277a5de0 Unloading class 0x000002233d740800 'jdk/internal/reflect/GeneratedSerializationConstructorAccessor38'
Event: 23821.179 Thread 0x00000223277a5de0 Unloading class 0x000002233d741800 'jdk/internal/reflect/GeneratedSerializationConstructorAccessor37'
Event: 23821.179 Thread 0x00000223277a5de0 Unloading class 0x000002233d742400 'jdk/internal/reflect/GeneratedSerializationConstructorAccessor36'

Classes redefined (0 events):
No events

Internal exceptions (20 events):
Event: 30168.152 Thread 0x00000223045a2720 Exception <a 'sun/nio/fs/WindowsException'{0x00000000eab150e0}> (0x00000000eab150e0) 
thrown [s\src\hotspot\share\prims\jni.cpp, line 520]
Event: 30168.158 Thread 0x00000223045a2720 Exception <a 'sun/nio/fs/WindowsException'{0x00000000eab628c8}> (0x00000000eab628c8) 
thrown [s\src\hotspot\share\prims\jni.cpp, line 520]
Event: 30168.158 Thread 0x00000223045a2720 Exception <a 'sun/nio/fs/WindowsException'{0x00000000eab64450}> (0x00000000eab64450) 
thrown [s\src\hotspot\share\prims\jni.cpp, line 520]
Event: 30168.233 Thread 0x00000223045a2720 Exception <a 'sun/nio/fs/WindowsException'{0x00000000eabbea58}> (0x00000000eabbea58) 
thrown [s\src\hotspot\share\prims\jni.cpp, line 520]
Event: 30168.234 Thread 0x00000223045a2720 Exception <a 'sun/nio/fs/WindowsException'{0x00000000eabbf580}> (0x00000000eabbf580) 
thrown [s\src\hotspot\share\prims\jni.cpp, line 520]
Event: 30168.732 Thread 0x00000223045a0650 Exception <a 'java/lang/NoSuchMethodError'{0x00000000eace0f88}: 'java.lang.Object java.lang.invoke.DirectMethodHandle$Holder.invokeSpecial(java.lang.Object, java.lang.Object, int, long)'> (0x00000000eace0f88) 
thrown [s\src\hotspot\share\interpreter\linkResolver.cpp, line 773]
Event: 30170.050 Thread 0x00000223045a3ad0 Implicit null exception at 0x0000022333352dda to 0x0000022333357e4c
Event: 30170.137 Thread 0x00000223045a3ad0 Implicit null exception at 0x0000022332fce96f to 0x0000022332fcea44
Event: 30170.995 Thread 0x00000223045a0650 Implicit null exception at 0x000002233336e89e to 0x000002233336ed30
Event: 30357.325 Thread 0x00000223050ea140 Exception <a 'java/lang/IncompatibleClassChangeError'{0x00000000eab95790}: Found class java.lang.Object, but interface was expected> (0x00000000eab95790) 
thrown [s\src\hotspot\share\interpreter\linkResolver.cpp, line 840]
Event: 30357.762 Thread 0x00000223050ea140 Exception <a 'java/lang/IncompatibleClassChangeError'{0x00000000eab024e0}: Found class java.lang.Object, but interface was expected> (0x00000000eab024e0) 
thrown [s\src\hotspot\share\interpreter\linkResolver.cpp, line 840]
Event: 30357.773 Thread 0x00000223050ea140 Exception <a 'java/lang/IncompatibleClassChangeError'{0x00000000eab57070}: Found class java.lang.Object, but interface was expected> (0x00000000eab57070) 
thrown [s\src\hotspot\share\interpreter\linkResolver.cpp, line 840]
Event: 30357.784 Thread 0x00000223050ea140 Exception <a 'java/lang/IncompatibleClassChangeError'{0x00000000eab95148}: Found class java.lang.Object, but interface was expected> (0x00000000eab95148) 
thrown [s\src\hotspot\share\interpreter\linkResolver.cpp, line 840]
Event: 30357.791 Thread 0x00000223050ea140 Exception <a 'java/lang/IncompatibleClassChangeError'{0x00000000eabece80}: Found class java.lang.Object, but interface was expected> (0x00000000eabece80) 
thrown [s\src\hotspot\share\interpreter\linkResolver.cpp, line 840]
Event: 30357.834 Thread 0x00000223050ea140 Exception <a 'java/lang/IncompatibleClassChangeError'{0x00000000eab71a20}: Found class java.lang.Object, but interface was expected> (0x00000000eab71a20) 
thrown [s\src\hotspot\share\interpreter\linkResolver.cpp, line 840]
Event: 30357.882 Thread 0x000002230459e580 Exception <a 'java/lang/ArrayIndexOutOfBoundsException'{0x00000000eab95598}: Index 1956 out of bounds for length 1955> (0x00000000eab95598) 
thrown [s\src\hotspot\share\interpreter\interpreterRuntime.cpp, line 439]
Event: 30358.000 Thread 0x00000223045a0ce0 Exception <a 'java/lang/NoSuchMethodError'{0x00000000eabffe48}: 'int java.lang.invoke.Invokers$Holder.invokeExact_MT(java.lang.Object, java.lang.Object)'> (0x00000000eabffe48) 
thrown [s\src\hotspot\share\interpreter\linkResolver.cpp, line 773]
Event: 30358.783 Thread 0x00000223045a3440 Exception <a 'java/lang/NoSuchMethodError'{0x00000000eac442f8}: 'java.lang.Object java.lang.invoke.DirectMethodHandle$Holder.invokeStatic(java.lang.Object, int, int, java.lang.Object)'> (0x00000000eac442f8) 
thrown [s\src\hotspot\share\interpreter\linkResolver.cpp, line 773]
Event: 30359.018 Thread 0x00000223045a3440 Exception <a 'java/lang/NoSuchMethodError'{0x00000000eabd5368}: 'java.lang.Object java.lang.invoke.DirectMethodHandle$Holder.invokeStatic(java.lang.Object, int, java.lang.Object)'> (0x00000000eabd5368) 
thrown [s\src\hotspot\share\interpreter\linkResolver.cpp, line 773]
Event: 30359.082 Thread 0x00000223045a4e80 Implicit null exception at 0x0000022332e5555a to 0x0000022332e555b3

ZGC Phase Switch (0 events):
No events

VM Operations (20 events):
Event: 30358.503 Executing VM operation: ParallelGCFailedAllocation (Allocation Failure)
Event: 30358.512 Executing VM operation: ParallelGCFailedAllocation (Allocation Failure) done
Event: 30358.527 Executing VM operation: ParallelGCFailedAllocation (Allocation Failure)
Event: 30358.529 Executing VM operation: ParallelGCFailedAllocation (Allocation Failure) done
Event: 30358.548 Executing VM operation: ParallelGCFailedAllocation (Allocation Failure)
Event: 30358.562 Executing VM operation: ParallelGCFailedAllocation (Allocation Failure) done
Event: 30358.584 Executing VM operation: ParallelGCFailedAllocation (Allocation Failure)
Event: 30358.594 Executing VM operation: ParallelGCFailedAllocation (Allocation Failure) done
Event: 30358.604 Executing VM operation: ParallelGCFailedAllocation (Allocation Failure)
Event: 30358.610 Executing VM operation: ParallelGCFailedAllocation (Allocation Failure) done
Event: 30358.661 Executing VM operation: ParallelGCFailedAllocation (Allocation Failure)
Event: 30358.672 Executing VM operation: ParallelGCFailedAllocation (Allocation Failure) done
Event: 30358.800 Executing VM operation: ParallelGCFailedAllocation (Allocation Failure)
Event: 30358.803 Executing VM operation: ParallelGCFailedAllocation (Allocation Failure) done
Event: 30358.964 Executing VM operation: ParallelGCFailedAllocation (Allocation Failure)
Event: 30358.969 Executing VM operation: ParallelGCFailedAllocation (Allocation Failure) done
Event: 30359.113 Executing VM operation: ParallelGCFailedAllocation (Allocation Failure)
Event: 30359.117 Executing VM operation: ParallelGCFailedAllocation (Allocation Failure) done
Event: 30359.205 Executing VM operation: ParallelGCFailedAllocation (Allocation Failure)
Event: 30359.209 Executing VM operation: ParallelGCFailedAllocation (Allocation Failure) done

Memory protections (0 events):
No events

Nmethod flushes (20 events):
Event: 24509.791 Thread 0x00000223277a5de0 flushing  nmethod 0x000002232cc57090
Event: 24509.791 Thread 0x00000223277a5de0 flushing  nmethod 0x000002232cc57910
Event: 24509.791 Thread 0x00000223277a5de0 flushing  nmethod 0x000002232cc81710
Event: 24509.791 Thread 0x00000223277a5de0 flushing  nmethod 0x000002232cc93110
Event: 24509.791 Thread 0x00000223277a5de0 flushing  nmethod 0x000002232ccb4410
Event: 24509.791 Thread 0x00000223277a5de0 flushing osr nmethod 0x000002232ccfcc10
Event: 24509.791 Thread 0x00000223277a5de0 flushing  nmethod 0x000002232cd07910
Event: 24509.791 Thread 0x00000223277a5de0 flushing  nmethod 0x000002232cdd6110
Event: 24509.791 Thread 0x00000223277a5de0 flushing  nmethod 0x000002232cde1e10
Event: 24509.791 Thread 0x00000223277a5de0 flushing  nmethod 0x000002232ce1ca90
Event: 24509.791 Thread 0x00000223277a5de0 flushing  nmethod 0x000002232ce2b590
Event: 24509.791 Thread 0x00000223277a5de0 flushing  nmethod 0x000002232ce44510
Event: 24509.791 Thread 0x00000223277a5de0 flushing  nmethod 0x000002232ce6b910
Event: 24509.791 Thread 0x00000223277a5de0 flushing  nmethod 0x000002232ce78e90
Event: 24509.791 Thread 0x00000223277a5de0 flushing  nmethod 0x000002232ce94e90
Event: 24509.791 Thread 0x00000223277a5de0 flushing  nmethod 0x000002232ceb2d90
Event: 24509.791 Thread 0x00000223277a5de0 flushing  nmethod 0x000002232cee6b90
Event: 24509.791 Thread 0x00000223277a5de0 flushing  nmethod 0x000002232cf51290
Event: 24509.791 Thread 0x00000223277a5de0 flushing  nmethod 0x000002232cf66410
Event: 24509.791 Thread 0x00000223277a5de0 flushing  nmethod 0x000002232cf79e10

Events (20 events):
Event: 30168.967 Thread 0x000002233bc34840 Thread added: 0x0000022305054000
Event: 30169.419 Thread 0x0000022305054000 Thread exited: 0x0000022305054000
Event: 30169.419 Thread 0x00000223050546d0 Thread exited: 0x00000223050546d0
Event: 30169.772 Thread 0x000002233bc34840 Thread added: 0x000002230823ccf0
Event: 30170.187 Thread 0x00000223045a2db0 Thread exited: 0x00000223045a2db0
Event: 30170.289 Thread 0x000002230823ccf0 Thread exited: 0x000002230823ccf0
Event: 30170.399 Thread 0x000002233bc34840 Thread added: 0x0000022305054000
Event: 30170.415 Thread 0x000002233bc34840 Thread added: 0x00000223050546d0
Event: 30176.801 Thread 0x00000223050546d0 Thread exited: 0x00000223050546d0
Event: 30181.460 Thread 0x0000022305054000 Thread exited: 0x0000022305054000
Event: 30195.304 Thread 0x00000223045a1a00 Thread added: 0x000002230459f2a0
Event: 30260.261 Thread 0x00000223045a3ad0 Thread exited: 0x00000223045a3ad0
Event: 30264.301 Thread 0x00000223045a1a00 Thread exited: 0x00000223045a1a00
Event: 30264.301 Thread 0x000002230459f2a0 Thread exited: 0x000002230459f2a0
Event: 30264.304 Thread 0x00000223045a1370 Thread exited: 0x00000223045a1370
Event: 30320.280 Thread 0x000002230459ffc0 Thread exited: 0x000002230459ffc0
Event: 30357.167 Thread 0x00000223045a0650 Thread added: 0x00000223045a3ad0
Event: 30357.797 Thread 0x00000223050ea140 Thread added: 0x000002230459e580
Event: 30357.803 Thread 0x000002230459e580 Thread added: 0x000002230459f930
Event: 30358.100 Thread 0x000002233bc34840 Thread added: 0x0000022308841d80


Dynamic libraries:
0x00007ff6e6260000 - 0x00007ff6e626e000 	c:\Users\aidar\.vscode\extensions\redhat.java-1.39.0-win32-x64\jre\21.0.5-win32-x86_64\bin\java.exe
0x00007ffe2cfd0000 - 0x00007ffe2d1e7000 	C:\WINDOWS\SYSTEM32\ntdll.dll
0x00007ffe2b190000 - 0x00007ffe2b254000 	C:\WINDOWS\System32\KERNEL32.DLL
0x00007ffe2a900000 - 0x00007ffe2acba000 	C:\WINDOWS\System32\KERNELBASE.dll
0x00007ffe2a4a0000 - 0x00007ffe2a5b1000 	C:\WINDOWS\System32\ucrtbase.dll
0x00007ffe1bd50000 - 0x00007ffe1bd68000 	c:\Users\aidar\.vscode\extensions\redhat.java-1.39.0-win32-x64\jre\21.0.5-win32-x86_64\bin\jli.dll
0x00007ffe1b5b0000 - 0x00007ffe1b5ce000 	c:\Users\aidar\.vscode\extensions\redhat.java-1.39.0-win32-x64\jre\21.0.5-win32-x86_64\bin\VCRUNTIME140.dll
0x00007ffe2b7e0000 - 0x00007ffe2b98e000 	C:\WINDOWS\System32\USER32.dll
0x00007ffe2a310000 - 0x00007ffe2a336000 	C:\WINDOWS\System32\win32u.dll
0x00007ffe2ae10000 - 0x00007ffe2ae39000 	C:\WINDOWS\System32\GDI32.dll
0x00007ffe2a730000 - 0x00007ffe2a84b000 	C:\WINDOWS\System32\gdi32full.dll
0x00007ffe2a340000 - 0x00007ffe2a3da000 	C:\WINDOWS\System32\msvcp_win.dll
0x00007ffdf6580000 - 0x00007ffdf6812000 	C:\WINDOWS\WinSxS\amd64_microsoft.windows.common-controls_6595b64144ccf1df_6.0.22621.4541_none_2710d1c57384c085\COMCTL32.dll
0x00007ffe2cd30000 - 0x00007ffe2cdd7000 	C:\WINDOWS\System32\msvcrt.dll
0x00007ffe2c9e0000 - 0x00007ffe2ca11000 	C:\WINDOWS\System32\IMM32.DLL
0x00007ffe1f3f0000 - 0x00007ffe1f3fc000 	c:\Users\aidar\.vscode\extensions\redhat.java-1.39.0-win32-x64\jre\21.0.5-win32-x86_64\bin\vcruntime140_1.dll
0x00007ffdec870000 - 0x00007ffdec8fd000 	c:\Users\aidar\.vscode\extensions\redhat.java-1.39.0-win32-x64\jre\21.0.5-win32-x86_64\bin\msvcp140.dll
0x00007ffddac40000 - 0x00007ffddb9cf000 	c:\Users\aidar\.vscode\extensions\redhat.java-1.39.0-win32-x64\jre\21.0.5-win32-x86_64\bin\server\jvm.dll
0x00007ffe2cb20000 - 0x00007ffe2cbd2000 	C:\WINDOWS\System32\ADVAPI32.dll
0x00007ffe2b0e0000 - 0x00007ffe2b187000 	C:\WINDOWS\System32\sechost.dll
0x00007ffe2a8d0000 - 0x00007ffe2a8f8000 	C:\WINDOWS\System32\bcrypt.dll
0x00007ffe2ae40000 - 0x00007ffe2af54000 	C:\WINDOWS\System32\RPCRT4.dll
0x00007ffe2ad90000 - 0x00007ffe2ae01000 	C:\WINDOWS\System32\WS2_32.dll
0x00007ffe25440000 - 0x00007ffe2544a000 	C:\WINDOWS\SYSTEM32\VERSION.dll
0x00007ffe24500000 - 0x00007ffe24534000 	C:\WINDOWS\SYSTEM32\WINMM.dll
0x00007ffe2a160000 - 0x00007ffe2a1ad000 	C:\WINDOWS\SYSTEM32\POWRPROF.dll
0x00007ffe2a140000 - 0x00007ffe2a153000 	C:\WINDOWS\SYSTEM32\UMPDC.dll
0x00007ffe29290000 - 0x00007ffe292a8000 	C:\WINDOWS\SYSTEM32\kernel.appcore.dll
0x00007ffe1c4e0000 - 0x00007ffe1c4ea000 	c:\Users\aidar\.vscode\extensions\redhat.java-1.39.0-win32-x64\jre\21.0.5-win32-x86_64\bin\jimage.dll
0x00007ffe27010000 - 0x00007ffe27242000 	C:\WINDOWS\SYSTEM32\DBGHELP.DLL
0x00007ffe2b280000 - 0x00007ffe2b611000 	C:\WINDOWS\System32\combase.dll
0x00007ffe2cc50000 - 0x00007ffe2cd27000 	C:\WINDOWS\System32\OLEAUT32.dll
0x00007ffe1d040000 - 0x00007ffe1d072000 	C:\WINDOWS\SYSTEM32\dbgcore.DLL
0x00007ffe2a290000 - 0x00007ffe2a30b000 	C:\WINDOWS\System32\bcryptPrimitives.dll
0x00007ffe1c120000 - 0x00007ffe1c12f000 	c:\Users\aidar\.vscode\extensions\redhat.java-1.39.0-win32-x64\jre\21.0.5-win32-x86_64\bin\instrument.dll
0x00007ffe1b320000 - 0x00007ffe1b33f000 	c:\Users\aidar\.vscode\extensions\redhat.java-1.39.0-win32-x64\jre\21.0.5-win32-x86_64\bin\java.dll
0x00007ffe2c160000 - 0x00007ffe2c9d9000 	C:\WINDOWS\System32\SHELL32.dll
0x00007ffe28180000 - 0x00007ffe28a89000 	C:\WINDOWS\SYSTEM32\windows.storage.dll
0x00007ffe28040000 - 0x00007ffe2817f000 	C:\WINDOWS\SYSTEM32\wintypes.dll
0x00007ffe2baf0000 - 0x00007ffe2bbea000 	C:\WINDOWS\System32\SHCORE.dll
0x00007ffe2c070000 - 0x00007ffe2c0ce000 	C:\WINDOWS\System32\shlwapi.dll
0x00007ffe2a1c0000 - 0x00007ffe2a1eb000 	C:\WINDOWS\SYSTEM32\profapi.dll
0x00007ffe1b280000 - 0x00007ffe1b298000 	c:\Users\aidar\.vscode\extensions\redhat.java-1.39.0-win32-x64\jre\21.0.5-win32-x86_64\bin\zip.dll
0x00007ffe1bd90000 - 0x00007ffe1bda0000 	C:\Users\aidar\.vscode\extensions\redhat.java-1.39.0-win32-x64\jre\21.0.5-win32-x86_64\bin\net.dll
0x00007ffe25720000 - 0x00007ffe25856000 	C:\WINDOWS\SYSTEM32\WINHTTP.dll
0x00007ffe29700000 - 0x00007ffe29769000 	C:\WINDOWS\system32\mswsock.dll
0x00007ffe1aa90000 - 0x00007ffe1aaa6000 	C:\Users\aidar\.vscode\extensions\redhat.java-1.39.0-win32-x64\jre\21.0.5-win32-x86_64\bin\nio.dll
0x00007ffe1b3f0000 - 0x00007ffe1b400000 	c:\Users\aidar\.vscode\extensions\redhat.java-1.39.0-win32-x64\jre\21.0.5-win32-x86_64\bin\verify.dll
0x00007ffde55e0000 - 0x00007ffde5625000 	C:\Users\aidar\AppData\Roaming\Code\User\globalStorage\redhat.java\1.39.0\config_win\org.eclipse.equinox.launcher\org.eclipse.equinox.launcher.win32.win32.x86_64_1.2.1100.v20240722-2106\eclipse_11904.dll
0x00007ffe2cde0000 - 0x00007ffe2cf85000 	C:\WINDOWS\System32\ole32.dll
0x00007ffe1b1b0000 - 0x00007ffe1b1ba000 	C:\Users\aidar\.vscode\extensions\redhat.java-1.39.0-win32-x64\jre\21.0.5-win32-x86_64\bin\management.dll
0x00007ffe0e8a0000 - 0x00007ffe0e8ab000 	C:\Users\aidar\.vscode\extensions\redhat.java-1.39.0-win32-x64\jre\21.0.5-win32-x86_64\bin\management_ext.dll
0x00007ffe2cbe0000 - 0x00007ffe2cbe8000 	C:\WINDOWS\System32\PSAPI.DLL
0x00007ffe29a50000 - 0x00007ffe29a6b000 	C:\WINDOWS\SYSTEM32\CRYPTSP.dll
0x00007ffe291f0000 - 0x00007ffe29225000 	C:\WINDOWS\system32\rsaenh.dll
0x00007ffe297a0000 - 0x00007ffe297c8000 	C:\WINDOWS\SYSTEM32\USERENV.dll
0x00007ffe29a30000 - 0x00007ffe29a3c000 	C:\WINDOWS\SYSTEM32\CRYPTBASE.dll
0x00007ffe28d30000 - 0x00007ffe28d5d000 	C:\WINDOWS\SYSTEM32\IPHLPAPI.DLL
0x00007ffe2b9e0000 - 0x00007ffe2b9e9000 	C:\WINDOWS\System32\NSI.dll
0x00007ffdec910000 - 0x00007ffdec959000 	C:\Users\aidar\AppData\Local\Temp\jna-92808813\jna10643986630506251938.dll
0x00007ffe249b0000 - 0x00007ffe249c9000 	C:\WINDOWS\SYSTEM32\dhcpcsvc6.DLL
0x00007ffe24740000 - 0x00007ffe2475f000 	C:\WINDOWS\SYSTEM32\dhcpcsvc.DLL
0x00007ffe0e7e0000 - 0x00007ffe0e7ee000 	C:\Users\aidar\.vscode\extensions\redhat.java-1.39.0-win32-x64\jre\21.0.5-win32-x86_64\bin\sunmscapi.dll
0x00007ffe2a5c0000 - 0x00007ffe2a726000 	C:\WINDOWS\System32\CRYPT32.dll
0x00007ffe29b60000 - 0x00007ffe29b8d000 	C:\WINDOWS\SYSTEM32\ncrypt.dll
0x00007ffe29b20000 - 0x00007ffe29b57000 	C:\WINDOWS\SYSTEM32\NTASN1.dll
0x00007ffe28d60000 - 0x00007ffe28e62000 	C:\WINDOWS\SYSTEM32\DNSAPI.dll
0x00007ffe1ef10000 - 0x00007ffe1ef1a000 	C:\Windows\System32\rasadhlp.dll
0x00007ffe1f360000 - 0x00007ffe1f3e3000 	C:\WINDOWS\System32\fwpuclnt.dll
0x00007ffe0e6c0000 - 0x00007ffe0e6c9000 	C:\Users\aidar\.vscode\extensions\redhat.java-1.39.0-win32-x64\jre\21.0.5-win32-x86_64\bin\extnet.dll

dbghelp: loaded successfully - version: 4.0.5 - missing functions: none
symbol engine: initialized successfully - sym options: 0x614 - pdb path: .;c:\Users\aidar\.vscode\extensions\redhat.java-1.39.0-win32-x64\jre\21.0.5-win32-x86_64\bin;C:\WINDOWS\SYSTEM32;C:\WINDOWS\WinSxS\amd64_microsoft.windows.common-controls_6595b64144ccf1df_6.0.22621.4541_none_2710d1c57384c085;c:\Users\aidar\.vscode\extensions\redhat.java-1.39.0-win32-x64\jre\21.0.5-win32-x86_64\bin\server;C:\Users\aidar\AppData\Roaming\Code\User\globalStorage\redhat.java\1.39.0\config_win\org.eclipse.equinox.launcher\org.eclipse.equinox.launcher.win32.win32.x86_64_1.2.1100.v20240722-2106;C:\Users\aidar\AppData\Local\Temp\jna-92808813

VM Arguments:
jvm_args: --add-modules=ALL-SYSTEM --add-opens=java.base/java.util=ALL-UNNAMED --add-opens=java.base/java.lang=ALL-UNNAMED --add-opens=java.base/sun.nio.fs=ALL-UNNAMED -Declipse.application=org.eclipse.jdt.ls.core.id1 -Dosgi.bundles.defaultStartLevel=4 -Declipse.product=org.eclipse.jdt.ls.core.product -Djava.import.generatesMetadataFilesAtProjectRoot=false -DDetectVMInstallationsJob.disabled=true -Dfile.encoding=utf8 -XX:+UseParallelGC -XX:GCTimeRatio=4 -XX:AdaptiveSizePolicyWeight=90 -Dsun.zip.disableMemoryMapping=true -Xmx1G -Xms100m -Xlog:disable -javaagent:c:\Users\aidar\.vscode\extensions\redhat.java-1.39.0-win32-x64\lombok\lombok-1.18.34.jar -XX:+HeapDumpOnOutOfMemoryError -XX:HeapDumpPath=c:\Users\aidar\AppData\Roaming\Code\User\workspaceStorage\f207d6dbd43796d9c36e6fb64529134f\redhat.java -Daether.dependencyCollector.impl=bf 
java_command: c:\Users\aidar\.vscode\extensions\redhat.java-1.39.0-win32-x64\server\plugins\org.eclipse.equinox.launcher_1.6.900.v20240613-2009.jar -configuration c:\Users\aidar\AppData\Roaming\Code\User\globalStorage\redhat.java\1.39.0\config_win -data c:\Users\aidar\AppData\Roaming\Code\User\workspaceStorage\f207d6dbd43796d9c36e6fb64529134f\redhat.java\jdt_ws --pipe=\\.\pipe\lsp-ac6e8f0dc8a673626724f29447ac1b6a-sock
java_class_path (initial): c:\Users\aidar\.vscode\extensions\redhat.java-1.39.0-win32-x64\server\plugins\org.eclipse.equinox.launcher_1.6.900.v20240613-2009.jar
Launcher Type: SUN_STANDARD

[Global flags]
    uintx AdaptiveSizePolicyWeight                 = 90                                        {product} {command line}
     intx CICompilerCount                          = 4                                         {product} {ergonomic}
    uintx GCTimeRatio                              = 4                                         {product} {command line}
     bool HeapDumpOnOutOfMemoryError               = true                                   {manageable} {command line}
    ccstr HeapDumpPath                             = c:\Users\aidar\AppData\Roaming\Code\User\workspaceStorage\f207d6dbd43796d9c36e6fb64529134f\redhat.java         {manageable} {command line}
   size_t InitialHeapSize                          = 104857600                                 {product} {command line}
   size_t MaxHeapSize                              = 1073741824                                {product} {command line}
   size_t MaxNewSize                               = 357564416                                 {product} {ergonomic}
   size_t MinHeapDeltaBytes                        = 524288                                    {product} {ergonomic}
   size_t MinHeapSize                              = 104857600                                 {product} {command line}
   size_t NewSize                                  = 34603008                                  {product} {ergonomic}
    uintx NonNMethodCodeHeapSize                   = 5839372                                {pd product} {ergonomic}
    uintx NonProfiledCodeHeapSize                  = 122909434                              {pd product} {ergonomic}
   size_t OldSize                                  = 70254592                                  {product} {ergonomic}
    uintx ProfiledCodeHeapSize                     = 122909434                              {pd product} {ergonomic}
    uintx ReservedCodeCacheSize                    = 251658240                              {pd product} {ergonomic}
     bool SegmentedCodeCache                       = true                                      {product} {ergonomic}
   size_t SoftMaxHeapSize                          = 1073741824                             {manageable} {ergonomic}
     bool UseCompressedOops                        = true                           {product lp64_product} {ergonomic}
     bool UseLargePagesIndividualAllocation        = false                                  {pd product} {ergonomic}
     bool UseParallelGC                            = true                                      {product} {command line}

Logging:
Log output configuration:
 #0: stdout all=off uptime,level,tags foldmultilines=false
 #1: stderr all=off uptime,level,tags foldmultilines=false

Environment Variables:
JAVA_HOME=C:\Program Files\java\jdk-17.0.11
PATH=C:\Python312\Scripts\;C:\Python312\;C:\WINDOWS\system32;C:\WINDOWS;C:\WINDOWS\System32\Wbem;C:\WINDOWS\System32\WindowsPowerShell\v1.0\;C:\WINDOWS\System32\OpenSSH\;C:\Program Files\Git\cmd;C:\xampp\php;C:\ProgramData\ComposerSetup\bin;C:\ProgramData\chocolatey\bin;C:\Program Files\java\jdk-17.0.11\bin;C:\Program Files\Maven\apache-maven-3.9.9\bin;C:\Program Files\java\jdk-23\bin;C:\Program Files\Docker\Docker\resources\bin;C:\Program Files\MongoDB\Server\8.0\bin;C:\Program Files\nodejs\;C:\Users\aidar\AppData\Local\Microsoft\WindowsApps;C:\Users\aidar\AppData\Local\Programs\Microsoft VS Code\bin;C:\Users\aidar\AppData\Roaming\Composer\vendor\bin;C:\Users\aidar\AppData\Local\Microsoft\WinGet\Packages\Schniz.fnm_Microsoft.Winget.Source_8wekyb3d8bbwe;;C:\Program Files\JetBrains\IntelliJ IDEA 2022.2.5\bin;;C:\Program Files\JetBrains\IntelliJ IDEA Community Edition 2024.2.1\bin;;C:\Users\aidar\AppData\Roaming\npm
USERNAME=aidar
OS=Windows_NT
PROCESSOR_IDENTIFIER=Intel64 Family 6 Model 140 Stepping 1, GenuineIntel
TMP=C:\Users\aidar\AppData\Local\Temp
TEMP=C:\Users\aidar\AppData\Local\Temp




Periodic native trim disabled

---------------  S Y S T E M  ---------------

OS:
 Windows 11 , 64 bit Build 22621 (10.0.22621.4391)
OS uptime: 14 days 5:04 hours
Hyper-V role detected

CPU: total 8 (initial active 8) (4 cores per cpu, 2 threads per core) family 6 model 140 stepping 1 microcode 0xb8, cx8, cmov, fxsr, ht, mmx, 3dnowpref, sse, sse2, sse3, ssse3, sse4.1, sse4.2, popcnt, lzcnt, tsc, tscinvbit, avx, avx2, aes, erms, clmul, bmi1, bmi2, adx, avx512f, avx512dq, avx512cd, avx512bw, avx512vl, sha, fma, vzeroupper, avx512_vpopcntdq, avx512_vpclmulqdq, avx512_vaes, avx512_vnni, clflush, clflushopt, clwb, avx512_vbmi2, avx512_vbmi, hv, rdtscp, rdpid, fsrm, gfni, avx512_bitalg, f16c, cet_ibt, cet_ss, avx512_ifma
Processor Information for all 8 processors :
  Max Mhz: 1498, Current Mhz: 1498, Mhz Limit: 1498

Memory: 4k page, system-wide physical 15761M (545M free)
TotalPageFile size 46158M (AvailPageFile size 6M)
current process WorkingSet (physical memory assigned to process): 207M, peak: 1046M
current process commit charge ("private bytes"): 897M, peak: 1044M

vm_info: OpenJDK 64-Bit Server VM (21.0.5+11-LTS) for windows-amd64 JRE (21.0.5+11-LTS), built on 2024-10-15T00:00:00Z by "admin" with MS VC++ 17.7 (VS2022)

END.
